{"/mnt/ssd2nd/University/ThirdYear/Semester_I/Dezvoltarea_Aplicatiilor_Web(DAW)/Laborator/flow-share/src/server.ts": {"path":"/mnt/ssd2nd/University/ThirdYear/Semester_I/Dezvoltarea_Aplicatiilor_Web(DAW)/Laborator/flow-share/src/server.ts","statementMap":{"0":{"start":{"line":1,"column":0},"end":{"line":1,"column":30}},"1":{"start":{"line":2,"column":0},"end":{"line":2,"column":49}},"2":{"start":{"line":3,"column":0},"end":{"line":3,"column":24}},"3":{"start":{"line":4,"column":0},"end":{"line":4,"column":37}},"4":{"start":{"line":5,"column":0},"end":{"line":5,"column":41}},"5":{"start":{"line":8,"column":0},"end":{"line":8,"column":46}},"6":{"start":{"line":9,"column":0},"end":{"line":9,"column":46}},"7":{"start":{"line":10,"column":0},"end":{"line":10,"column":48}},"8":{"start":{"line":15,"column":0},"end":{"line":15,"column":44}},"9":{"start":{"line":18,"column":12},"end":{"line":18,"column":21}},"10":{"start":{"line":20,"column":13},"end":{"line":20,"column":37}},"11":{"start":{"line":26,"column":0},"end":{"line":26,"column":54}},"12":{"start":{"line":27,"column":0},"end":{"line":27,"column":30}},"13":{"start":{"line":30,"column":0},"end":{"line":30,"column":24}},"14":{"start":{"line":32,"column":0},"end":{"line":32,"column":28}},"15":{"start":{"line":36,"column":0},"end":{"line":36,"column":51}},"16":{"start":{"line":38,"column":0},"end":{"line":38,"column":27}},"17":{"start":{"line":40,"column":0},"end":{"line":40,"column":24}},"18":{"start":{"line":43,"column":0},"end":{"line":43,"column":56}},"19":{"start":{"line":52,"column":0},"end":{"line":52,"column":29}},"20":{"start":{"line":55,"column":0},"end":{"line":55,"column":34}},"21":{"start":{"line":58,"column":0},"end":{"line":58,"column":36}},"22":{"start":{"line":69,"column":0},"end":{"line":69,"column":24}},"23":{"start":{"line":74,"column":0},"end":{"line":76,"column":3}},"24":{"start":{"line":75,"column":4},"end":{"line":75,"column":27}},"25":{"start":{"line":80,"column":0},"end":{"line":83,"column":3}},"26":{"start":{"line":81,"column":4},"end":{"line":81,"column":65}},"27":{"start":{"line":82,"column":4},"end":{"line":82,"column":67}}},"fnMap":{"0":{"name":"(anonymous_1)","decl":{"start":{"line":74,"column":13},"end":{"line":74,"column":14}},"loc":{"start":{"line":74,"column":26},"end":{"line":76,"column":1}}},"1":{"name":"(anonymous_2)","decl":{"start":{"line":80,"column":17},"end":{"line":80,"column":20}},"loc":{"start":{"line":80,"column":22},"end":{"line":83,"column":1}}}},"branchMap":{"0":{"loc":{"start":{"line":20,"column":13},"end":{"line":20,"column":37}},"type":"binary-expr","locations":[{"start":{"line":20,"column":13},"end":{"line":20,"column":29}},{"start":{"line":20,"column":33},"end":{"line":20,"column":37}}]}},"s":{"0":0,"1":0,"2":0,"3":0,"4":0,"5":0,"6":0,"7":0,"8":0,"9":0,"10":0,"11":0,"12":0,"13":0,"14":0,"15":0,"16":0,"17":0,"18":0,"19":0,"20":0,"21":0,"22":0,"23":0,"24":0,"25":0,"26":0,"27":0},"f":{"0":0,"1":0},"b":{"0":[0,0]}}
,"/mnt/ssd2nd/University/ThirdYear/Semester_I/Dezvoltarea_Aplicatiilor_Web(DAW)/Laborator/flow-share/src/controllers/auth-controller.ts": {"path":"/mnt/ssd2nd/University/ThirdYear/Semester_I/Dezvoltarea_Aplicatiilor_Web(DAW)/Laborator/flow-share/src/controllers/auth-controller.ts","statementMap":{"0":{"start":{"line":2,"column":0},"end":{"line":2,"column":56}},"1":{"start":{"line":9,"column":30},"end":{"line":24,"column":1}},"2":{"start":{"line":10,"column":4},"end":{"line":23,"column":5}},"3":{"start":{"line":11,"column":53},"end":{"line":11,"column":61}},"4":{"start":{"line":12,"column":26},"end":{"line":12,"column":90}},"5":{"start":{"line":14,"column":8},"end":{"line":18,"column":11}},"6":{"start":{"line":20,"column":8},"end":{"line":20,"column":38}},"7":{"start":{"line":22,"column":8},"end":{"line":22,"column":53}},"8":{"start":{"line":9,"column":13},"end":{"line":9,"column":30}},"9":{"start":{"line":26,"column":27},"end":{"line":40,"column":1}},"10":{"start":{"line":27,"column":4},"end":{"line":39,"column":5}},"11":{"start":{"line":28,"column":42},"end":{"line":28,"column":50}},"12":{"start":{"line":29,"column":32},"end":{"line":29,"column":82}},"13":{"start":{"line":31,"column":8},"end":{"line":35,"column":11}},"14":{"start":{"line":36,"column":8},"end":{"line":36,"column":38}},"15":{"start":{"line":38,"column":8},"end":{"line":38,"column":53}},"16":{"start":{"line":26,"column":13},"end":{"line":26,"column":27}},"17":{"start":{"line":42,"column":28},"end":{"line":45,"column":1}},"18":{"start":{"line":43,"column":4},"end":{"line":43,"column":29}},"19":{"start":{"line":44,"column":4},"end":{"line":44,"column":35}},"20":{"start":{"line":42,"column":13},"end":{"line":42,"column":28}}},"fnMap":{"0":{"name":"(anonymous_9)","decl":{"start":{"line":9,"column":30},"end":{"line":9,"column":35}},"loc":{"start":{"line":9,"column":68},"end":{"line":24,"column":1}}},"1":{"name":"(anonymous_10)","decl":{"start":{"line":26,"column":27},"end":{"line":26,"column":32}},"loc":{"start":{"line":26,"column":65},"end":{"line":40,"column":1}}},"2":{"name":"(anonymous_11)","decl":{"start":{"line":42,"column":28},"end":{"line":42,"column":29}},"loc":{"start":{"line":42,"column":60},"end":{"line":45,"column":1}}}},"branchMap":{},"s":{"0":1,"1":1,"2":2,"3":2,"4":2,"5":1,"6":1,"7":1,"8":1,"9":1,"10":2,"11":2,"12":2,"13":1,"14":1,"15":1,"16":1,"17":1,"18":0,"19":0,"20":1},"f":{"0":2,"1":2,"2":0},"b":{}}
,"/mnt/ssd2nd/University/ThirdYear/Semester_I/Dezvoltarea_Aplicatiilor_Web(DAW)/Laborator/flow-share/src/controllers/contribution-controller.ts": {"path":"/mnt/ssd2nd/University/ThirdYear/Semester_I/Dezvoltarea_Aplicatiilor_Web(DAW)/Laborator/flow-share/src/controllers/contribution-controller.ts","statementMap":{"0":{"start":{"line":2,"column":0},"end":{"line":2,"column":72}},"1":{"start":{"line":15,"column":28},"end":{"line":60,"column":1}},"2":{"start":{"line":16,"column":32},"end":{"line":16,"column":44}},"3":{"start":{"line":17,"column":42},"end":{"line":17,"column":50}},"4":{"start":{"line":19,"column":4},"end":{"line":20,"column":88}},"5":{"start":{"line":20,"column":8},"end":{"line":20,"column":88}},"6":{"start":{"line":22,"column":4},"end":{"line":24,"column":5}},"7":{"start":{"line":23,"column":8},"end":{"line":23,"column":137}},"8":{"start":{"line":26,"column":23},"end":{"line":26,"column":40}},"9":{"start":{"line":27,"column":25},"end":{"line":27,"column":44}},"10":{"start":{"line":28,"column":23},"end":{"line":28,"column":40}},"11":{"start":{"line":30,"column":4},"end":{"line":32,"column":5}},"12":{"start":{"line":31,"column":8},"end":{"line":31,"column":96}},"13":{"start":{"line":33,"column":4},"end":{"line":35,"column":5}},"14":{"start":{"line":34,"column":8},"end":{"line":34,"column":110}},"15":{"start":{"line":37,"column":4},"end":{"line":59,"column":5}},"16":{"start":{"line":38,"column":30},"end":{"line":38,"column":123}},"17":{"start":{"line":40,"column":8},"end":{"line":42,"column":9}},"18":{"start":{"line":41,"column":12},"end":{"line":41,"column":129}},"19":{"start":{"line":44,"column":33},"end":{"line":48,"column":10}},"20":{"start":{"line":50,"column":36},"end":{"line":50,"column":98}},"21":{"start":{"line":52,"column":8},"end":{"line":53,"column":138}},"22":{"start":{"line":53,"column":12},"end":{"line":53,"column":138}},"23":{"start":{"line":55,"column":8},"end":{"line":55,"column":120}},"24":{"start":{"line":57,"column":8},"end":{"line":57,"column":53}},"25":{"start":{"line":58,"column":8},"end":{"line":58,"column":78}},"26":{"start":{"line":15,"column":13},"end":{"line":15,"column":28}},"27":{"start":{"line":62,"column":28},"end":{"line":87,"column":1}},"28":{"start":{"line":63,"column":32},"end":{"line":63,"column":44}},"29":{"start":{"line":64,"column":26},"end":{"line":64,"column":34}},"30":{"start":{"line":66,"column":4},"end":{"line":67,"column":88}},"31":{"start":{"line":67,"column":8},"end":{"line":67,"column":88}},"32":{"start":{"line":69,"column":27},"end":{"line":69,"column":39}},"33":{"start":{"line":70,"column":23},"end":{"line":70,"column":40}},"34":{"start":{"line":72,"column":4},"end":{"line":74,"column":5}},"35":{"start":{"line":73,"column":8},"end":{"line":73,"column":125}},"36":{"start":{"line":76,"column":4},"end":{"line":86,"column":5}},"37":{"start":{"line":77,"column":36},"end":{"line":77,"column":108}},"38":{"start":{"line":79,"column":8},"end":{"line":80,"column":107}},"39":{"start":{"line":80,"column":12},"end":{"line":80,"column":107}},"40":{"start":{"line":82,"column":8},"end":{"line":82,"column":120}},"41":{"start":{"line":84,"column":8},"end":{"line":84,"column":53}},"42":{"start":{"line":85,"column":8},"end":{"line":85,"column":78}},"43":{"start":{"line":62,"column":13},"end":{"line":62,"column":28}},"44":{"start":{"line":89,"column":28},"end":{"line":111,"column":1}},"45":{"start":{"line":90,"column":32},"end":{"line":90,"column":44}},"46":{"start":{"line":91,"column":27},"end":{"line":91,"column":64}},"47":{"start":{"line":93,"column":4},"end":{"line":94,"column":88}},"48":{"start":{"line":94,"column":8},"end":{"line":94,"column":88}},"49":{"start":{"line":96,"column":4},"end":{"line":98,"column":5}},"50":{"start":{"line":97,"column":8},"end":{"line":97,"column":92}},"51":{"start":{"line":100,"column":4},"end":{"line":110,"column":5}},"52":{"start":{"line":101,"column":24},"end":{"line":101,"column":84}},"53":{"start":{"line":103,"column":8},"end":{"line":104,"column":107}},"54":{"start":{"line":104,"column":12},"end":{"line":104,"column":107}},"55":{"start":{"line":106,"column":8},"end":{"line":106,"column":84}},"56":{"start":{"line":108,"column":8},"end":{"line":108,"column":53}},"57":{"start":{"line":109,"column":8},"end":{"line":109,"column":79}},"58":{"start":{"line":89,"column":13},"end":{"line":89,"column":28}},"59":{"start":{"line":114,"column":28},"end":{"line":133,"column":1}},"60":{"start":{"line":115,"column":32},"end":{"line":115,"column":44}},"61":{"start":{"line":116,"column":22},"end":{"line":116,"column":61}},"62":{"start":{"line":118,"column":4},"end":{"line":119,"column":88}},"63":{"start":{"line":119,"column":8},"end":{"line":119,"column":88}},"64":{"start":{"line":121,"column":4},"end":{"line":123,"column":5}},"65":{"start":{"line":122,"column":8},"end":{"line":122,"column":87}},"66":{"start":{"line":125,"column":4},"end":{"line":132,"column":5}},"67":{"start":{"line":126,"column":30},"end":{"line":126,"column":95}},"68":{"start":{"line":128,"column":8},"end":{"line":128,"column":68}},"69":{"start":{"line":130,"column":8},"end":{"line":130,"column":53}},"70":{"start":{"line":131,"column":8},"end":{"line":131,"column":82}},"71":{"start":{"line":114,"column":13},"end":{"line":114,"column":28}}},"fnMap":{"0":{"name":"(anonymous_9)","decl":{"start":{"line":15,"column":28},"end":{"line":15,"column":33}},"loc":{"start":{"line":15,"column":76},"end":{"line":60,"column":1}}},"1":{"name":"(anonymous_10)","decl":{"start":{"line":62,"column":28},"end":{"line":62,"column":33}},"loc":{"start":{"line":62,"column":76},"end":{"line":87,"column":1}}},"2":{"name":"(anonymous_11)","decl":{"start":{"line":89,"column":28},"end":{"line":89,"column":33}},"loc":{"start":{"line":89,"column":76},"end":{"line":111,"column":1}}},"3":{"name":"(anonymous_12)","decl":{"start":{"line":114,"column":28},"end":{"line":114,"column":33}},"loc":{"start":{"line":114,"column":76},"end":{"line":133,"column":1}}}},"branchMap":{"0":{"loc":{"start":{"line":19,"column":4},"end":{"line":20,"column":88}},"type":"if","locations":[{"start":{"line":19,"column":4},"end":{"line":20,"column":88}},{"start":{},"end":{}}]},"1":{"loc":{"start":{"line":22,"column":4},"end":{"line":24,"column":5}},"type":"if","locations":[{"start":{"line":22,"column":4},"end":{"line":24,"column":5}},{"start":{},"end":{}}]},"2":{"loc":{"start":{"line":22,"column":8},"end":{"line":22,"column":40}},"type":"binary-expr","locations":[{"start":{"line":22,"column":8},"end":{"line":22,"column":14}},{"start":{"line":22,"column":18},"end":{"line":22,"column":28}},{"start":{"line":22,"column":32},"end":{"line":22,"column":40}}]},"3":{"loc":{"start":{"line":30,"column":4},"end":{"line":32,"column":5}},"type":"if","locations":[{"start":{"line":30,"column":4},"end":{"line":32,"column":5}},{"start":{},"end":{}}]},"4":{"loc":{"start":{"line":30,"column":8},"end":{"line":30,"column":44}},"type":"binary-expr","locations":[{"start":{"line":30,"column":8},"end":{"line":30,"column":25}},{"start":{"line":30,"column":29},"end":{"line":30,"column":44}}]},"5":{"loc":{"start":{"line":33,"column":4},"end":{"line":35,"column":5}},"type":"if","locations":[{"start":{"line":33,"column":4},"end":{"line":35,"column":5}},{"start":{},"end":{}}]},"6":{"loc":{"start":{"line":33,"column":8},"end":{"line":33,"column":48}},"type":"binary-expr","locations":[{"start":{"line":33,"column":8},"end":{"line":33,"column":27}},{"start":{"line":33,"column":31},"end":{"line":33,"column":48}}]},"7":{"loc":{"start":{"line":40,"column":8},"end":{"line":42,"column":9}},"type":"if","locations":[{"start":{"line":40,"column":8},"end":{"line":42,"column":9}},{"start":{},"end":{}}]},"8":{"loc":{"start":{"line":52,"column":8},"end":{"line":53,"column":138}},"type":"if","locations":[{"start":{"line":52,"column":8},"end":{"line":53,"column":138}},{"start":{},"end":{}}]},"9":{"loc":{"start":{"line":66,"column":4},"end":{"line":67,"column":88}},"type":"if","locations":[{"start":{"line":66,"column":4},"end":{"line":67,"column":88}},{"start":{},"end":{}}]},"10":{"loc":{"start":{"line":72,"column":4},"end":{"line":74,"column":5}},"type":"if","locations":[{"start":{"line":72,"column":4},"end":{"line":74,"column":5}},{"start":{},"end":{}}]},"11":{"loc":{"start":{"line":72,"column":8},"end":{"line":72,"column":69}},"type":"binary-expr","locations":[{"start":{"line":72,"column":8},"end":{"line":72,"column":29}},{"start":{"line":72,"column":33},"end":{"line":72,"column":50}},{"start":{"line":72,"column":54},"end":{"line":72,"column":69}}]},"12":{"loc":{"start":{"line":79,"column":8},"end":{"line":80,"column":107}},"type":"if","locations":[{"start":{"line":79,"column":8},"end":{"line":80,"column":107}},{"start":{},"end":{}}]},"13":{"loc":{"start":{"line":91,"column":36},"end":{"line":91,"column":63}},"type":"binary-expr","locations":[{"start":{"line":91,"column":36},"end":{"line":91,"column":47}},{"start":{"line":91,"column":51},"end":{"line":91,"column":63}}]},"14":{"loc":{"start":{"line":93,"column":4},"end":{"line":94,"column":88}},"type":"if","locations":[{"start":{"line":93,"column":4},"end":{"line":94,"column":88}},{"start":{},"end":{}}]},"15":{"loc":{"start":{"line":96,"column":4},"end":{"line":98,"column":5}},"type":"if","locations":[{"start":{"line":96,"column":4},"end":{"line":98,"column":5}},{"start":{},"end":{}}]},"16":{"loc":{"start":{"line":103,"column":8},"end":{"line":104,"column":107}},"type":"if","locations":[{"start":{"line":103,"column":8},"end":{"line":104,"column":107}},{"start":{},"end":{}}]},"17":{"loc":{"start":{"line":118,"column":4},"end":{"line":119,"column":88}},"type":"if","locations":[{"start":{"line":118,"column":4},"end":{"line":119,"column":88}},{"start":{},"end":{}}]},"18":{"loc":{"start":{"line":121,"column":4},"end":{"line":123,"column":5}},"type":"if","locations":[{"start":{"line":121,"column":4},"end":{"line":123,"column":5}},{"start":{},"end":{}}]}},"s":{"0":0,"1":0,"2":0,"3":0,"4":0,"5":0,"6":0,"7":0,"8":0,"9":0,"10":0,"11":0,"12":0,"13":0,"14":0,"15":0,"16":0,"17":0,"18":0,"19":0,"20":0,"21":0,"22":0,"23":0,"24":0,"25":0,"26":0,"27":0,"28":0,"29":0,"30":0,"31":0,"32":0,"33":0,"34":0,"35":0,"36":0,"37":0,"38":0,"39":0,"40":0,"41":0,"42":0,"43":0,"44":0,"45":0,"46":0,"47":0,"48":0,"49":0,"50":0,"51":0,"52":0,"53":0,"54":0,"55":0,"56":0,"57":0,"58":0,"59":0,"60":0,"61":0,"62":0,"63":0,"64":0,"65":0,"66":0,"67":0,"68":0,"69":0,"70":0,"71":0},"f":{"0":0,"1":0,"2":0,"3":0},"b":{"0":[0,0],"1":[0,0],"2":[0,0,0],"3":[0,0],"4":[0,0],"5":[0,0],"6":[0,0],"7":[0,0],"8":[0,0],"9":[0,0],"10":[0,0],"11":[0,0,0],"12":[0,0],"13":[0,0],"14":[0,0],"15":[0,0],"16":[0,0],"17":[0,0],"18":[0,0]}}
,"/mnt/ssd2nd/University/ThirdYear/Semester_I/Dezvoltarea_Aplicatiilor_Web(DAW)/Laborator/flow-share/src/controllers/expense-controller.ts": {"path":"/mnt/ssd2nd/University/ThirdYear/Semester_I/Dezvoltarea_Aplicatiilor_Web(DAW)/Laborator/flow-share/src/controllers/expense-controller.ts","statementMap":{"0":{"start":{"line":2,"column":0},"end":{"line":2,"column":62}},"1":{"start":{"line":3,"column":0},"end":{"line":3,"column":82}},"2":{"start":{"line":15,"column":22},"end":{"line":20,"column":1}},"3":{"start":{"line":16,"column":26},"end":{"line":16,"column":115}},"4":{"start":{"line":17,"column":28},"end":{"line":17,"column":151}},"5":{"start":{"line":19,"column":4},"end":{"line":19,"column":46}},"6":{"start":{"line":22,"column":28},"end":{"line":62,"column":1}},"7":{"start":{"line":23,"column":32},"end":{"line":23,"column":44}},"8":{"start":{"line":24,"column":99},"end":{"line":24,"column":107}},"9":{"start":{"line":26,"column":4},"end":{"line":27,"column":88}},"10":{"start":{"line":27,"column":8},"end":{"line":27,"column":88}},"11":{"start":{"line":29,"column":4},"end":{"line":31,"column":5}},"12":{"start":{"line":30,"column":8},"end":{"line":30,"column":128}},"13":{"start":{"line":33,"column":23},"end":{"line":33,"column":40}},"14":{"start":{"line":34,"column":4},"end":{"line":36,"column":5}},"15":{"start":{"line":35,"column":8},"end":{"line":35,"column":96}},"16":{"start":{"line":38,"column":47},"end":{"line":38,"column":90}},"17":{"start":{"line":40,"column":4},"end":{"line":61,"column":5}},"18":{"start":{"line":41,"column":31},"end":{"line":50,"column":10}},"19":{"start":{"line":52,"column":31},"end":{"line":52,"column":88}},"20":{"start":{"line":54,"column":8},"end":{"line":55,"column":106}},"21":{"start":{"line":55,"column":12},"end":{"line":55,"column":106}},"22":{"start":{"line":57,"column":8},"end":{"line":57,"column":105}},"23":{"start":{"line":59,"column":8},"end":{"line":59,"column":53}},"24":{"start":{"line":60,"column":8},"end":{"line":60,"column":73}},"25":{"start":{"line":22,"column":13},"end":{"line":22,"column":28}},"26":{"start":{"line":64,"column":28},"end":{"line":102,"column":1}},"27":{"start":{"line":65,"column":32},"end":{"line":65,"column":44}},"28":{"start":{"line":66,"column":94},"end":{"line":66,"column":102}},"29":{"start":{"line":68,"column":4},"end":{"line":69,"column":88}},"30":{"start":{"line":69,"column":8},"end":{"line":69,"column":88}},"31":{"start":{"line":71,"column":22},"end":{"line":71,"column":34}},"32":{"start":{"line":72,"column":4},"end":{"line":74,"column":5}},"33":{"start":{"line":73,"column":8},"end":{"line":73,"column":98}},"34":{"start":{"line":76,"column":47},"end":{"line":76,"column":90}},"35":{"start":{"line":78,"column":4},"end":{"line":101,"column":5}},"36":{"start":{"line":79,"column":34},"end":{"line":79,"column":36}},"37":{"start":{"line":80,"column":8},"end":{"line":80,"column":60}},"38":{"start":{"line":80,"column":33},"end":{"line":80,"column":60}},"39":{"start":{"line":81,"column":8},"end":{"line":81,"column":78}},"40":{"start":{"line":81,"column":39},"end":{"line":81,"column":78}},"41":{"start":{"line":82,"column":8},"end":{"line":82,"column":72}},"42":{"start":{"line":82,"column":33},"end":{"line":82,"column":72}},"43":{"start":{"line":83,"column":8},"end":{"line":83,"column":65}},"44":{"start":{"line":83,"column":27},"end":{"line":83,"column":65}},"45":{"start":{"line":84,"column":8},"end":{"line":84,"column":80}},"46":{"start":{"line":84,"column":39},"end":{"line":84,"column":80}},"47":{"start":{"line":85,"column":8},"end":{"line":85,"column":77}},"48":{"start":{"line":85,"column":31},"end":{"line":85,"column":77}},"49":{"start":{"line":86,"column":8},"end":{"line":86,"column":79}},"50":{"start":{"line":86,"column":29},"end":{"line":86,"column":79}},"51":{"start":{"line":88,"column":8},"end":{"line":90,"column":9}},"52":{"start":{"line":89,"column":12},"end":{"line":89,"column":104}},"53":{"start":{"line":92,"column":31},"end":{"line":92,"column":90}},"54":{"start":{"line":94,"column":8},"end":{"line":95,"column":97}},"55":{"start":{"line":95,"column":12},"end":{"line":95,"column":97}},"56":{"start":{"line":97,"column":8},"end":{"line":97,"column":105}},"57":{"start":{"line":99,"column":8},"end":{"line":99,"column":53}},"58":{"start":{"line":100,"column":8},"end":{"line":100,"column":73}},"59":{"start":{"line":64,"column":13},"end":{"line":64,"column":28}},"60":{"start":{"line":104,"column":28},"end":{"line":126,"column":1}},"61":{"start":{"line":105,"column":32},"end":{"line":105,"column":44}},"62":{"start":{"line":106,"column":22},"end":{"line":106,"column":73}},"63":{"start":{"line":108,"column":4},"end":{"line":109,"column":88}},"64":{"start":{"line":109,"column":8},"end":{"line":109,"column":88}},"65":{"start":{"line":111,"column":4},"end":{"line":113,"column":5}},"66":{"start":{"line":112,"column":8},"end":{"line":112,"column":87}},"67":{"start":{"line":115,"column":4},"end":{"line":125,"column":5}},"68":{"start":{"line":116,"column":24},"end":{"line":116,"column":69}},"69":{"start":{"line":118,"column":8},"end":{"line":119,"column":97}},"70":{"start":{"line":119,"column":12},"end":{"line":119,"column":97}},"71":{"start":{"line":121,"column":8},"end":{"line":121,"column":79}},"72":{"start":{"line":123,"column":8},"end":{"line":123,"column":53}},"73":{"start":{"line":124,"column":8},"end":{"line":124,"column":74}},"74":{"start":{"line":104,"column":13},"end":{"line":104,"column":28}},"75":{"start":{"line":129,"column":28},"end":{"line":148,"column":1}},"76":{"start":{"line":130,"column":32},"end":{"line":130,"column":44}},"77":{"start":{"line":131,"column":20},"end":{"line":131,"column":57}},"78":{"start":{"line":133,"column":4},"end":{"line":134,"column":88}},"79":{"start":{"line":134,"column":8},"end":{"line":134,"column":88}},"80":{"start":{"line":136,"column":4},"end":{"line":138,"column":5}},"81":{"start":{"line":137,"column":8},"end":{"line":137,"column":85}},"82":{"start":{"line":140,"column":4},"end":{"line":147,"column":5}},"83":{"start":{"line":141,"column":25},"end":{"line":141,"column":69}},"84":{"start":{"line":143,"column":8},"end":{"line":143,"column":58}},"85":{"start":{"line":145,"column":8},"end":{"line":145,"column":53}},"86":{"start":{"line":146,"column":8},"end":{"line":146,"column":77}},"87":{"start":{"line":129,"column":13},"end":{"line":129,"column":28}}},"fnMap":{"0":{"name":"(anonymous_9)","decl":{"start":{"line":15,"column":22},"end":{"line":15,"column":23}},"loc":{"start":{"line":15,"column":63},"end":{"line":20,"column":1}}},"1":{"name":"(anonymous_10)","decl":{"start":{"line":22,"column":28},"end":{"line":22,"column":33}},"loc":{"start":{"line":22,"column":76},"end":{"line":62,"column":1}}},"2":{"name":"(anonymous_11)","decl":{"start":{"line":64,"column":28},"end":{"line":64,"column":33}},"loc":{"start":{"line":64,"column":76},"end":{"line":102,"column":1}}},"3":{"name":"(anonymous_12)","decl":{"start":{"line":104,"column":28},"end":{"line":104,"column":33}},"loc":{"start":{"line":104,"column":76},"end":{"line":126,"column":1}}},"4":{"name":"(anonymous_13)","decl":{"start":{"line":129,"column":28},"end":{"line":129,"column":33}},"loc":{"start":{"line":129,"column":76},"end":{"line":148,"column":1}}}},"branchMap":{"0":{"loc":{"start":{"line":16,"column":26},"end":{"line":16,"column":115}},"type":"cond-expr","locations":[{"start":{"line":16,"column":83},"end":{"line":16,"column":103}},{"start":{"line":16,"column":106},"end":{"line":16,"column":115}}]},"1":{"loc":{"start":{"line":17,"column":28},"end":{"line":17,"column":151}},"type":"cond-expr","locations":[{"start":{"line":17,"column":107},"end":{"line":17,"column":139}},{"start":{"line":17,"column":142},"end":{"line":17,"column":151}}]},"2":{"loc":{"start":{"line":26,"column":4},"end":{"line":27,"column":88}},"type":"if","locations":[{"start":{"line":26,"column":4},"end":{"line":27,"column":88}},{"start":{},"end":{}}]},"3":{"loc":{"start":{"line":29,"column":4},"end":{"line":31,"column":5}},"type":"if","locations":[{"start":{"line":29,"column":4},"end":{"line":31,"column":5}},{"start":{},"end":{}}]},"4":{"loc":{"start":{"line":29,"column":8},"end":{"line":29,"column":36}},"type":"binary-expr","locations":[{"start":{"line":29,"column":8},"end":{"line":29,"column":14}},{"start":{"line":29,"column":18},"end":{"line":29,"column":24}},{"start":{"line":29,"column":28},"end":{"line":29,"column":36}}]},"5":{"loc":{"start":{"line":34,"column":4},"end":{"line":36,"column":5}},"type":"if","locations":[{"start":{"line":34,"column":4},"end":{"line":36,"column":5}},{"start":{},"end":{}}]},"6":{"loc":{"start":{"line":34,"column":8},"end":{"line":34,"column":44}},"type":"binary-expr","locations":[{"start":{"line":34,"column":8},"end":{"line":34,"column":25}},{"start":{"line":34,"column":29},"end":{"line":34,"column":44}}]},"7":{"loc":{"start":{"line":45,"column":22},"end":{"line":45,"column":51}},"type":"binary-expr","locations":[{"start":{"line":45,"column":22},"end":{"line":45,"column":35}},{"start":{"line":45,"column":39},"end":{"line":45,"column":51}}]},"8":{"loc":{"start":{"line":48,"column":17},"end":{"line":48,"column":43}},"type":"cond-expr","locations":[{"start":{"line":48,"column":23},"end":{"line":48,"column":36}},{"start":{"line":48,"column":39},"end":{"line":48,"column":43}}]},"9":{"loc":{"start":{"line":49,"column":32},"end":{"line":49,"column":74}},"type":"binary-expr","locations":[{"start":{"line":49,"column":32},"end":{"line":49,"column":47}},{"start":{"line":49,"column":51},"end":{"line":49,"column":74}}]},"10":{"loc":{"start":{"line":54,"column":8},"end":{"line":55,"column":106}},"type":"if","locations":[{"start":{"line":54,"column":8},"end":{"line":55,"column":106}},{"start":{},"end":{}}]},"11":{"loc":{"start":{"line":68,"column":4},"end":{"line":69,"column":88}},"type":"if","locations":[{"start":{"line":68,"column":4},"end":{"line":69,"column":88}},{"start":{},"end":{}}]},"12":{"loc":{"start":{"line":72,"column":4},"end":{"line":74,"column":5}},"type":"if","locations":[{"start":{"line":72,"column":4},"end":{"line":74,"column":5}},{"start":{},"end":{}}]},"13":{"loc":{"start":{"line":80,"column":8},"end":{"line":80,"column":60}},"type":"if","locations":[{"start":{"line":80,"column":8},"end":{"line":80,"column":60}},{"start":{},"end":{}}]},"14":{"loc":{"start":{"line":81,"column":8},"end":{"line":81,"column":78}},"type":"if","locations":[{"start":{"line":81,"column":8},"end":{"line":81,"column":78}},{"start":{},"end":{}}]},"15":{"loc":{"start":{"line":82,"column":8},"end":{"line":82,"column":72}},"type":"if","locations":[{"start":{"line":82,"column":8},"end":{"line":82,"column":72}},{"start":{},"end":{}}]},"16":{"loc":{"start":{"line":83,"column":8},"end":{"line":83,"column":65}},"type":"if","locations":[{"start":{"line":83,"column":8},"end":{"line":83,"column":65}},{"start":{},"end":{}}]},"17":{"loc":{"start":{"line":84,"column":8},"end":{"line":84,"column":80}},"type":"if","locations":[{"start":{"line":84,"column":8},"end":{"line":84,"column":80}},{"start":{},"end":{}}]},"18":{"loc":{"start":{"line":85,"column":8},"end":{"line":85,"column":77}},"type":"if","locations":[{"start":{"line":85,"column":8},"end":{"line":85,"column":77}},{"start":{},"end":{}}]},"19":{"loc":{"start":{"line":85,"column":50},"end":{"line":85,"column":76}},"type":"cond-expr","locations":[{"start":{"line":85,"column":56},"end":{"line":85,"column":69}},{"start":{"line":85,"column":72},"end":{"line":85,"column":76}}]},"20":{"loc":{"start":{"line":86,"column":8},"end":{"line":86,"column":79}},"type":"if","locations":[{"start":{"line":86,"column":8},"end":{"line":86,"column":79}},{"start":{},"end":{}}]},"21":{"loc":{"start":{"line":88,"column":8},"end":{"line":90,"column":9}},"type":"if","locations":[{"start":{"line":88,"column":8},"end":{"line":90,"column":9}},{"start":{},"end":{}}]},"22":{"loc":{"start":{"line":94,"column":8},"end":{"line":95,"column":97}},"type":"if","locations":[{"start":{"line":94,"column":8},"end":{"line":95,"column":97}},{"start":{},"end":{}}]},"23":{"loc":{"start":{"line":106,"column":31},"end":{"line":106,"column":72}},"type":"binary-expr","locations":[{"start":{"line":106,"column":31},"end":{"line":106,"column":49}},{"start":{"line":106,"column":53},"end":{"line":106,"column":72}}]},"24":{"loc":{"start":{"line":108,"column":4},"end":{"line":109,"column":88}},"type":"if","locations":[{"start":{"line":108,"column":4},"end":{"line":109,"column":88}},{"start":{},"end":{}}]},"25":{"loc":{"start":{"line":111,"column":4},"end":{"line":113,"column":5}},"type":"if","locations":[{"start":{"line":111,"column":4},"end":{"line":113,"column":5}},{"start":{},"end":{}}]},"26":{"loc":{"start":{"line":118,"column":8},"end":{"line":119,"column":97}},"type":"if","locations":[{"start":{"line":118,"column":8},"end":{"line":119,"column":97}},{"start":{},"end":{}}]},"27":{"loc":{"start":{"line":133,"column":4},"end":{"line":134,"column":88}},"type":"if","locations":[{"start":{"line":133,"column":4},"end":{"line":134,"column":88}},{"start":{},"end":{}}]},"28":{"loc":{"start":{"line":136,"column":4},"end":{"line":138,"column":5}},"type":"if","locations":[{"start":{"line":136,"column":4},"end":{"line":138,"column":5}},{"start":{},"end":{}}]}},"s":{"0":0,"1":0,"2":0,"3":0,"4":0,"5":0,"6":0,"7":0,"8":0,"9":0,"10":0,"11":0,"12":0,"13":0,"14":0,"15":0,"16":0,"17":0,"18":0,"19":0,"20":0,"21":0,"22":0,"23":0,"24":0,"25":0,"26":0,"27":0,"28":0,"29":0,"30":0,"31":0,"32":0,"33":0,"34":0,"35":0,"36":0,"37":0,"38":0,"39":0,"40":0,"41":0,"42":0,"43":0,"44":0,"45":0,"46":0,"47":0,"48":0,"49":0,"50":0,"51":0,"52":0,"53":0,"54":0,"55":0,"56":0,"57":0,"58":0,"59":0,"60":0,"61":0,"62":0,"63":0,"64":0,"65":0,"66":0,"67":0,"68":0,"69":0,"70":0,"71":0,"72":0,"73":0,"74":0,"75":0,"76":0,"77":0,"78":0,"79":0,"80":0,"81":0,"82":0,"83":0,"84":0,"85":0,"86":0,"87":0},"f":{"0":0,"1":0,"2":0,"3":0,"4":0},"b":{"0":[0,0],"1":[0,0],"2":[0,0],"3":[0,0],"4":[0,0,0],"5":[0,0],"6":[0,0],"7":[0,0],"8":[0,0],"9":[0,0],"10":[0,0],"11":[0,0],"12":[0,0],"13":[0,0],"14":[0,0],"15":[0,0],"16":[0,0],"17":[0,0],"18":[0,0],"19":[0,0],"20":[0,0],"21":[0,0],"22":[0,0],"23":[0,0],"24":[0,0],"25":[0,0],"26":[0,0],"27":[0,0],"28":[0,0]}}
,"/mnt/ssd2nd/University/ThirdYear/Semester_I/Dezvoltarea_Aplicatiilor_Web(DAW)/Laborator/flow-share/src/controllers/group-controller.ts": {"path":"/mnt/ssd2nd/University/ThirdYear/Semester_I/Dezvoltarea_Aplicatiilor_Web(DAW)/Laborator/flow-share/src/controllers/group-controller.ts","statementMap":{"0":{"start":{"line":2,"column":0},"end":{"line":2,"column":58}},"1":{"start":{"line":13,"column":28},"end":{"line":31,"column":1}},"2":{"start":{"line":14,"column":32},"end":{"line":14,"column":44}},"3":{"start":{"line":16,"column":4},"end":{"line":17,"column":88}},"4":{"start":{"line":17,"column":8},"end":{"line":17,"column":88}},"5":{"start":{"line":18,"column":4},"end":{"line":30,"column":5}},"6":{"start":{"line":19,"column":25},"end":{"line":19,"column":33}},"7":{"start":{"line":21,"column":29},"end":{"line":21,"column":69}},"8":{"start":{"line":23,"column":8},"end":{"line":24,"column":113}},"9":{"start":{"line":24,"column":12},"end":{"line":24,"column":113}},"10":{"start":{"line":26,"column":8},"end":{"line":26,"column":59}},"11":{"start":{"line":28,"column":8},"end":{"line":28,"column":53}},"12":{"start":{"line":29,"column":8},"end":{"line":29,"column":71}},"13":{"start":{"line":13,"column":13},"end":{"line":13,"column":28}},"14":{"start":{"line":33,"column":28},"end":{"line":51,"column":1}},"15":{"start":{"line":34,"column":32},"end":{"line":34,"column":44}},"16":{"start":{"line":35,"column":4},"end":{"line":36,"column":88}},"17":{"start":{"line":36,"column":8},"end":{"line":36,"column":88}},"18":{"start":{"line":38,"column":4},"end":{"line":50,"column":5}},"19":{"start":{"line":39,"column":30},"end":{"line":39,"column":38}},"20":{"start":{"line":41,"column":29},"end":{"line":41,"column":74}},"21":{"start":{"line":43,"column":8},"end":{"line":44,"column":93}},"22":{"start":{"line":44,"column":12},"end":{"line":44,"column":93}},"23":{"start":{"line":46,"column":8},"end":{"line":46,"column":59}},"24":{"start":{"line":48,"column":8},"end":{"line":48,"column":53}},"25":{"start":{"line":49,"column":8},"end":{"line":49,"column":71}},"26":{"start":{"line":33,"column":13},"end":{"line":33,"column":28}},"27":{"start":{"line":53,"column":28},"end":{"line":69,"column":1}},"28":{"start":{"line":54,"column":32},"end":{"line":54,"column":44}},"29":{"start":{"line":55,"column":4},"end":{"line":56,"column":88}},"30":{"start":{"line":56,"column":8},"end":{"line":56,"column":88}},"31":{"start":{"line":58,"column":4},"end":{"line":68,"column":5}},"32":{"start":{"line":59,"column":30},"end":{"line":59,"column":38}},"33":{"start":{"line":60,"column":29},"end":{"line":60,"column":74}},"34":{"start":{"line":62,"column":8},"end":{"line":62,"column":107}},"35":{"start":{"line":62,"column":26},"end":{"line":62,"column":107}},"36":{"start":{"line":64,"column":8},"end":{"line":64,"column":77}},"37":{"start":{"line":66,"column":8},"end":{"line":66,"column":53}},"38":{"start":{"line":67,"column":8},"end":{"line":67,"column":72}},"39":{"start":{"line":53,"column":13},"end":{"line":53,"column":28}},"40":{"start":{"line":71,"column":28},"end":{"line":85,"column":1}},"41":{"start":{"line":72,"column":30},"end":{"line":72,"column":38}},"42":{"start":{"line":74,"column":4},"end":{"line":75,"column":88}},"43":{"start":{"line":75,"column":8},"end":{"line":75,"column":88}},"44":{"start":{"line":77,"column":4},"end":{"line":84,"column":5}},"45":{"start":{"line":78,"column":23},"end":{"line":78,"column":78}},"46":{"start":{"line":80,"column":8},"end":{"line":80,"column":54}},"47":{"start":{"line":82,"column":8},"end":{"line":82,"column":53}},"48":{"start":{"line":83,"column":8},"end":{"line":83,"column":75}},"49":{"start":{"line":71,"column":13},"end":{"line":71,"column":28}},"50":{"start":{"line":87,"column":32},"end":{"line":111,"column":1}},"51":{"start":{"line":88,"column":32},"end":{"line":88,"column":44}},"52":{"start":{"line":90,"column":4},"end":{"line":91,"column":88}},"53":{"start":{"line":91,"column":8},"end":{"line":91,"column":88}},"54":{"start":{"line":93,"column":20},"end":{"line":93,"column":89}},"55":{"start":{"line":95,"column":4},"end":{"line":97,"column":5}},"56":{"start":{"line":96,"column":8},"end":{"line":96,"column":85}},"57":{"start":{"line":99,"column":4},"end":{"line":110,"column":5}},"58":{"start":{"line":100,"column":24},"end":{"line":100,"column":67}},"59":{"start":{"line":102,"column":8},"end":{"line":104,"column":9}},"60":{"start":{"line":103,"column":12},"end":{"line":103,"column":55}},"61":{"start":{"line":106,"column":8},"end":{"line":106,"column":56}},"62":{"start":{"line":108,"column":8},"end":{"line":108,"column":57}},"63":{"start":{"line":109,"column":8},"end":{"line":109,"column":82}},"64":{"start":{"line":87,"column":13},"end":{"line":87,"column":32}},"65":{"start":{"line":114,"column":31},"end":{"line":136,"column":1}},"66":{"start":{"line":115,"column":32},"end":{"line":115,"column":44}},"67":{"start":{"line":116,"column":37},"end":{"line":116,"column":45}},"68":{"start":{"line":118,"column":4},"end":{"line":119,"column":88}},"69":{"start":{"line":119,"column":8},"end":{"line":119,"column":88}},"70":{"start":{"line":121,"column":4},"end":{"line":123,"column":5}},"71":{"start":{"line":122,"column":8},"end":{"line":122,"column":118}},"72":{"start":{"line":125,"column":4},"end":{"line":135,"column":5}},"73":{"start":{"line":126,"column":30},"end":{"line":126,"column":71}},"74":{"start":{"line":128,"column":8},"end":{"line":129,"column":115}},"75":{"start":{"line":129,"column":12},"end":{"line":129,"column":115}},"76":{"start":{"line":131,"column":8},"end":{"line":131,"column":61}},"77":{"start":{"line":133,"column":8},"end":{"line":133,"column":56}},"78":{"start":{"line":134,"column":8},"end":{"line":134,"column":71}},"79":{"start":{"line":114,"column":13},"end":{"line":114,"column":31}},"80":{"start":{"line":138,"column":34},"end":{"line":160,"column":1}},"81":{"start":{"line":139,"column":32},"end":{"line":139,"column":44}},"82":{"start":{"line":140,"column":40},"end":{"line":140,"column":48}},"83":{"start":{"line":142,"column":4},"end":{"line":143,"column":88}},"84":{"start":{"line":143,"column":8},"end":{"line":143,"column":88}},"85":{"start":{"line":145,"column":4},"end":{"line":147,"column":5}},"86":{"start":{"line":146,"column":8},"end":{"line":146,"column":104}},"87":{"start":{"line":149,"column":4},"end":{"line":159,"column":5}},"88":{"start":{"line":150,"column":24},"end":{"line":150,"column":71}},"89":{"start":{"line":152,"column":8},"end":{"line":153,"column":106}},"90":{"start":{"line":153,"column":12},"end":{"line":153,"column":106}},"91":{"start":{"line":155,"column":8},"end":{"line":155,"column":79}},"92":{"start":{"line":157,"column":8},"end":{"line":157,"column":59}},"93":{"start":{"line":158,"column":8},"end":{"line":158,"column":73}},"94":{"start":{"line":138,"column":13},"end":{"line":138,"column":34}},"95":{"start":{"line":162,"column":34},"end":{"line":184,"column":1}},"96":{"start":{"line":163,"column":32},"end":{"line":163,"column":44}},"97":{"start":{"line":164,"column":41},"end":{"line":164,"column":49}},"98":{"start":{"line":166,"column":4},"end":{"line":167,"column":88}},"99":{"start":{"line":167,"column":8},"end":{"line":167,"column":88}},"100":{"start":{"line":169,"column":4},"end":{"line":171,"column":5}},"101":{"start":{"line":170,"column":8},"end":{"line":170,"column":106}},"102":{"start":{"line":173,"column":4},"end":{"line":183,"column":5}},"103":{"start":{"line":174,"column":31},"end":{"line":174,"column":79}},"104":{"start":{"line":176,"column":8},"end":{"line":177,"column":106}},"105":{"start":{"line":177,"column":12},"end":{"line":177,"column":106}},"106":{"start":{"line":179,"column":8},"end":{"line":179,"column":113}},"107":{"start":{"line":181,"column":8},"end":{"line":181,"column":59}},"108":{"start":{"line":182,"column":8},"end":{"line":182,"column":73}},"109":{"start":{"line":162,"column":13},"end":{"line":162,"column":34}},"110":{"start":{"line":186,"column":33},"end":{"line":208,"column":1}},"111":{"start":{"line":187,"column":32},"end":{"line":187,"column":44}},"112":{"start":{"line":188,"column":40},"end":{"line":188,"column":48}},"113":{"start":{"line":190,"column":4},"end":{"line":191,"column":88}},"114":{"start":{"line":191,"column":8},"end":{"line":191,"column":88}},"115":{"start":{"line":193,"column":4},"end":{"line":195,"column":5}},"116":{"start":{"line":194,"column":8},"end":{"line":194,"column":105}},"117":{"start":{"line":197,"column":4},"end":{"line":207,"column":5}},"118":{"start":{"line":198,"column":30},"end":{"line":198,"column":76}},"119":{"start":{"line":200,"column":8},"end":{"line":201,"column":105}},"120":{"start":{"line":201,"column":12},"end":{"line":201,"column":105}},"121":{"start":{"line":203,"column":8},"end":{"line":203,"column":101}},"122":{"start":{"line":205,"column":8},"end":{"line":205,"column":58}},"123":{"start":{"line":206,"column":8},"end":{"line":206,"column":72}},"124":{"start":{"line":186,"column":13},"end":{"line":186,"column":33}}},"fnMap":{"0":{"name":"(anonymous_9)","decl":{"start":{"line":13,"column":28},"end":{"line":13,"column":33}},"loc":{"start":{"line":13,"column":76},"end":{"line":31,"column":1}}},"1":{"name":"(anonymous_10)","decl":{"start":{"line":33,"column":28},"end":{"line":33,"column":33}},"loc":{"start":{"line":33,"column":76},"end":{"line":51,"column":1}}},"2":{"name":"(anonymous_11)","decl":{"start":{"line":53,"column":28},"end":{"line":53,"column":33}},"loc":{"start":{"line":53,"column":76},"end":{"line":69,"column":1}}},"3":{"name":"(anonymous_12)","decl":{"start":{"line":71,"column":28},"end":{"line":71,"column":33}},"loc":{"start":{"line":71,"column":76},"end":{"line":85,"column":1}}},"4":{"name":"(anonymous_13)","decl":{"start":{"line":87,"column":32},"end":{"line":87,"column":37}},"loc":{"start":{"line":87,"column":80},"end":{"line":111,"column":1}}},"5":{"name":"(anonymous_14)","decl":{"start":{"line":114,"column":31},"end":{"line":114,"column":36}},"loc":{"start":{"line":114,"column":79},"end":{"line":136,"column":1}}},"6":{"name":"(anonymous_15)","decl":{"start":{"line":138,"column":34},"end":{"line":138,"column":39}},"loc":{"start":{"line":138,"column":82},"end":{"line":160,"column":1}}},"7":{"name":"(anonymous_16)","decl":{"start":{"line":162,"column":34},"end":{"line":162,"column":39}},"loc":{"start":{"line":162,"column":82},"end":{"line":184,"column":1}}},"8":{"name":"(anonymous_17)","decl":{"start":{"line":186,"column":33},"end":{"line":186,"column":38}},"loc":{"start":{"line":186,"column":81},"end":{"line":208,"column":1}}}},"branchMap":{"0":{"loc":{"start":{"line":16,"column":4},"end":{"line":17,"column":88}},"type":"if","locations":[{"start":{"line":16,"column":4},"end":{"line":17,"column":88}},{"start":{},"end":{}}]},"1":{"loc":{"start":{"line":23,"column":8},"end":{"line":24,"column":113}},"type":"if","locations":[{"start":{"line":23,"column":8},"end":{"line":24,"column":113}},{"start":{},"end":{}}]},"2":{"loc":{"start":{"line":35,"column":4},"end":{"line":36,"column":88}},"type":"if","locations":[{"start":{"line":35,"column":4},"end":{"line":36,"column":88}},{"start":{},"end":{}}]},"3":{"loc":{"start":{"line":43,"column":8},"end":{"line":44,"column":93}},"type":"if","locations":[{"start":{"line":43,"column":8},"end":{"line":44,"column":93}},{"start":{},"end":{}}]},"4":{"loc":{"start":{"line":55,"column":4},"end":{"line":56,"column":88}},"type":"if","locations":[{"start":{"line":55,"column":4},"end":{"line":56,"column":88}},{"start":{},"end":{}}]},"5":{"loc":{"start":{"line":62,"column":8},"end":{"line":62,"column":107}},"type":"if","locations":[{"start":{"line":62,"column":8},"end":{"line":62,"column":107}},{"start":{},"end":{}}]},"6":{"loc":{"start":{"line":74,"column":4},"end":{"line":75,"column":88}},"type":"if","locations":[{"start":{"line":74,"column":4},"end":{"line":75,"column":88}},{"start":{},"end":{}}]},"7":{"loc":{"start":{"line":90,"column":4},"end":{"line":91,"column":88}},"type":"if","locations":[{"start":{"line":90,"column":4},"end":{"line":91,"column":88}},{"start":{},"end":{}}]},"8":{"loc":{"start":{"line":93,"column":29},"end":{"line":93,"column":88}},"type":"binary-expr","locations":[{"start":{"line":93,"column":29},"end":{"line":93,"column":56}},{"start":{"line":93,"column":60},"end":{"line":93,"column":88}}]},"9":{"loc":{"start":{"line":95,"column":4},"end":{"line":97,"column":5}},"type":"if","locations":[{"start":{"line":95,"column":4},"end":{"line":97,"column":5}},{"start":{},"end":{}}]},"10":{"loc":{"start":{"line":102,"column":8},"end":{"line":104,"column":9}},"type":"if","locations":[{"start":{"line":102,"column":8},"end":{"line":104,"column":9}},{"start":{},"end":{}}]},"11":{"loc":{"start":{"line":118,"column":4},"end":{"line":119,"column":88}},"type":"if","locations":[{"start":{"line":118,"column":4},"end":{"line":119,"column":88}},{"start":{},"end":{}}]},"12":{"loc":{"start":{"line":121,"column":4},"end":{"line":123,"column":5}},"type":"if","locations":[{"start":{"line":121,"column":4},"end":{"line":123,"column":5}},{"start":{},"end":{}}]},"13":{"loc":{"start":{"line":121,"column":8},"end":{"line":121,"column":67}},"type":"binary-expr","locations":[{"start":{"line":121,"column":8},"end":{"line":121,"column":20}},{"start":{"line":121,"column":24},"end":{"line":121,"column":43}},{"start":{"line":121,"column":47},"end":{"line":121,"column":67}}]},"14":{"loc":{"start":{"line":128,"column":8},"end":{"line":129,"column":115}},"type":"if","locations":[{"start":{"line":128,"column":8},"end":{"line":129,"column":115}},{"start":{},"end":{}}]},"15":{"loc":{"start":{"line":142,"column":4},"end":{"line":143,"column":88}},"type":"if","locations":[{"start":{"line":142,"column":4},"end":{"line":143,"column":88}},{"start":{},"end":{}}]},"16":{"loc":{"start":{"line":145,"column":4},"end":{"line":147,"column":5}},"type":"if","locations":[{"start":{"line":145,"column":4},"end":{"line":147,"column":5}},{"start":{},"end":{}}]},"17":{"loc":{"start":{"line":145,"column":8},"end":{"line":145,"column":45}},"type":"binary-expr","locations":[{"start":{"line":145,"column":8},"end":{"line":145,"column":23}},{"start":{"line":145,"column":27},"end":{"line":145,"column":45}}]},"18":{"loc":{"start":{"line":152,"column":8},"end":{"line":153,"column":106}},"type":"if","locations":[{"start":{"line":152,"column":8},"end":{"line":153,"column":106}},{"start":{},"end":{}}]},"19":{"loc":{"start":{"line":166,"column":4},"end":{"line":167,"column":88}},"type":"if","locations":[{"start":{"line":166,"column":4},"end":{"line":167,"column":88}},{"start":{},"end":{}}]},"20":{"loc":{"start":{"line":169,"column":4},"end":{"line":171,"column":5}},"type":"if","locations":[{"start":{"line":169,"column":4},"end":{"line":171,"column":5}},{"start":{},"end":{}}]},"21":{"loc":{"start":{"line":169,"column":8},"end":{"line":169,"column":47}},"type":"binary-expr","locations":[{"start":{"line":169,"column":8},"end":{"line":169,"column":24}},{"start":{"line":169,"column":28},"end":{"line":169,"column":47}}]},"22":{"loc":{"start":{"line":176,"column":8},"end":{"line":177,"column":106}},"type":"if","locations":[{"start":{"line":176,"column":8},"end":{"line":177,"column":106}},{"start":{},"end":{}}]},"23":{"loc":{"start":{"line":190,"column":4},"end":{"line":191,"column":88}},"type":"if","locations":[{"start":{"line":190,"column":4},"end":{"line":191,"column":88}},{"start":{},"end":{}}]},"24":{"loc":{"start":{"line":193,"column":4},"end":{"line":195,"column":5}},"type":"if","locations":[{"start":{"line":193,"column":4},"end":{"line":195,"column":5}},{"start":{},"end":{}}]},"25":{"loc":{"start":{"line":193,"column":8},"end":{"line":193,"column":45}},"type":"binary-expr","locations":[{"start":{"line":193,"column":8},"end":{"line":193,"column":23}},{"start":{"line":193,"column":27},"end":{"line":193,"column":45}}]},"26":{"loc":{"start":{"line":200,"column":8},"end":{"line":201,"column":105}},"type":"if","locations":[{"start":{"line":200,"column":8},"end":{"line":201,"column":105}},{"start":{},"end":{}}]}},"s":{"0":0,"1":0,"2":0,"3":0,"4":0,"5":0,"6":0,"7":0,"8":0,"9":0,"10":0,"11":0,"12":0,"13":0,"14":0,"15":0,"16":0,"17":0,"18":0,"19":0,"20":0,"21":0,"22":0,"23":0,"24":0,"25":0,"26":0,"27":0,"28":0,"29":0,"30":0,"31":0,"32":0,"33":0,"34":0,"35":0,"36":0,"37":0,"38":0,"39":0,"40":0,"41":0,"42":0,"43":0,"44":0,"45":0,"46":0,"47":0,"48":0,"49":0,"50":0,"51":0,"52":0,"53":0,"54":0,"55":0,"56":0,"57":0,"58":0,"59":0,"60":0,"61":0,"62":0,"63":0,"64":0,"65":0,"66":0,"67":0,"68":0,"69":0,"70":0,"71":0,"72":0,"73":0,"74":0,"75":0,"76":0,"77":0,"78":0,"79":0,"80":0,"81":0,"82":0,"83":0,"84":0,"85":0,"86":0,"87":0,"88":0,"89":0,"90":0,"91":0,"92":0,"93":0,"94":0,"95":0,"96":0,"97":0,"98":0,"99":0,"100":0,"101":0,"102":0,"103":0,"104":0,"105":0,"106":0,"107":0,"108":0,"109":0,"110":0,"111":0,"112":0,"113":0,"114":0,"115":0,"116":0,"117":0,"118":0,"119":0,"120":0,"121":0,"122":0,"123":0,"124":0},"f":{"0":0,"1":0,"2":0,"3":0,"4":0,"5":0,"6":0,"7":0,"8":0},"b":{"0":[0,0],"1":[0,0],"2":[0,0],"3":[0,0],"4":[0,0],"5":[0,0],"6":[0,0],"7":[0,0],"8":[0,0],"9":[0,0],"10":[0,0],"11":[0,0],"12":[0,0],"13":[0,0,0],"14":[0,0],"15":[0,0],"16":[0,0],"17":[0,0],"18":[0,0],"19":[0,0],"20":[0,0],"21":[0,0],"22":[0,0],"23":[0,0],"24":[0,0],"25":[0,0],"26":[0,0]}}
,"/mnt/ssd2nd/University/ThirdYear/Semester_I/Dezvoltarea_Aplicatiilor_Web(DAW)/Laborator/flow-share/src/controllers/nav-controller.ts": {"path":"/mnt/ssd2nd/University/ThirdYear/Semester_I/Dezvoltarea_Aplicatiilor_Web(DAW)/Laborator/flow-share/src/controllers/nav-controller.ts","statementMap":{"0":{"start":{"line":12,"column":27},"end":{"line":20,"column":1}},"1":{"start":{"line":14,"column":18},"end":{"line":14,"column":51}},"2":{"start":{"line":16,"column":4},"end":{"line":19,"column":7}},"3":{"start":{"line":12,"column":13},"end":{"line":12,"column":27}},"4":{"start":{"line":22,"column":30},"end":{"line":29,"column":1}},"5":{"start":{"line":23,"column":18},"end":{"line":23,"column":51}},"6":{"start":{"line":25,"column":4},"end":{"line":28,"column":7}},"7":{"start":{"line":22,"column":13},"end":{"line":22,"column":30}},"8":{"start":{"line":34,"column":30},"end":{"line":45,"column":1}},"9":{"start":{"line":36,"column":4},"end":{"line":39,"column":5}},"10":{"start":{"line":38,"column":8},"end":{"line":38,"column":38}},"11":{"start":{"line":41,"column":4},"end":{"line":44,"column":7}},"12":{"start":{"line":34,"column":13},"end":{"line":34,"column":30}},"13":{"start":{"line":48,"column":32},"end":{"line":57,"column":1}},"14":{"start":{"line":49,"column":4},"end":{"line":51,"column":5}},"15":{"start":{"line":50,"column":8},"end":{"line":50,"column":38}},"16":{"start":{"line":53,"column":4},"end":{"line":56,"column":7}},"17":{"start":{"line":48,"column":13},"end":{"line":48,"column":32}}},"fnMap":{"0":{"name":"(anonymous_0)","decl":{"start":{"line":12,"column":27},"end":{"line":12,"column":28}},"loc":{"start":{"line":12,"column":59},"end":{"line":20,"column":1}}},"1":{"name":"(anonymous_1)","decl":{"start":{"line":22,"column":30},"end":{"line":22,"column":31}},"loc":{"start":{"line":22,"column":62},"end":{"line":29,"column":1}}},"2":{"name":"(anonymous_2)","decl":{"start":{"line":34,"column":30},"end":{"line":34,"column":31}},"loc":{"start":{"line":34,"column":74},"end":{"line":45,"column":1}}},"3":{"name":"(anonymous_3)","decl":{"start":{"line":48,"column":32},"end":{"line":48,"column":33}},"loc":{"start":{"line":48,"column":76},"end":{"line":57,"column":1}}}},"branchMap":{"0":{"loc":{"start":{"line":14,"column":18},"end":{"line":14,"column":51}},"type":"binary-expr","locations":[{"start":{"line":14,"column":18},"end":{"line":14,"column":43}},{"start":{"line":14,"column":47},"end":{"line":14,"column":51}}]},"1":{"loc":{"start":{"line":23,"column":18},"end":{"line":23,"column":51}},"type":"binary-expr","locations":[{"start":{"line":23,"column":18},"end":{"line":23,"column":43}},{"start":{"line":23,"column":47},"end":{"line":23,"column":51}}]},"2":{"loc":{"start":{"line":36,"column":4},"end":{"line":39,"column":5}},"type":"if","locations":[{"start":{"line":36,"column":4},"end":{"line":39,"column":5}},{"start":{},"end":{}}]},"3":{"loc":{"start":{"line":49,"column":4},"end":{"line":51,"column":5}},"type":"if","locations":[{"start":{"line":49,"column":4},"end":{"line":51,"column":5}},{"start":{},"end":{}}]}},"s":{"0":0,"1":0,"2":0,"3":0,"4":0,"5":0,"6":0,"7":0,"8":0,"9":0,"10":0,"11":0,"12":0,"13":0,"14":0,"15":0,"16":0,"17":0},"f":{"0":0,"1":0,"2":0,"3":0},"b":{"0":[0,0],"1":[0,0],"2":[0,0],"3":[0,0]}}
,"/mnt/ssd2nd/University/ThirdYear/Semester_I/Dezvoltarea_Aplicatiilor_Web(DAW)/Laborator/flow-share/src/controllers/task-controller.ts": {"path":"/mnt/ssd2nd/University/ThirdYear/Semester_I/Dezvoltarea_Aplicatiilor_Web(DAW)/Laborator/flow-share/src/controllers/task-controller.ts","statementMap":{"0":{"start":{"line":2,"column":0},"end":{"line":2,"column":56}},"1":{"start":{"line":3,"column":0},"end":{"line":3,"column":56}},"2":{"start":{"line":15,"column":28},"end":{"line":39,"column":1}},"3":{"start":{"line":16,"column":32},"end":{"line":16,"column":44}},"4":{"start":{"line":17,"column":48},"end":{"line":17,"column":56}},"5":{"start":{"line":19,"column":4},"end":{"line":20,"column":88}},"6":{"start":{"line":20,"column":8},"end":{"line":20,"column":88}},"7":{"start":{"line":22,"column":4},"end":{"line":24,"column":5}},"8":{"start":{"line":23,"column":8},"end":{"line":23,"column":111}},"9":{"start":{"line":26,"column":4},"end":{"line":38,"column":5}},"10":{"start":{"line":27,"column":30},"end":{"line":27,"column":183}},"11":{"start":{"line":29,"column":28},"end":{"line":29,"column":74}},"12":{"start":{"line":31,"column":8},"end":{"line":32,"column":103}},"13":{"start":{"line":32,"column":12},"end":{"line":32,"column":103}},"14":{"start":{"line":34,"column":8},"end":{"line":34,"column":96}},"15":{"start":{"line":36,"column":8},"end":{"line":36,"column":53}},"16":{"start":{"line":37,"column":8},"end":{"line":37,"column":70}},"17":{"start":{"line":15,"column":13},"end":{"line":15,"column":28}},"18":{"start":{"line":41,"column":28},"end":{"line":63,"column":1}},"19":{"start":{"line":42,"column":32},"end":{"line":42,"column":44}},"20":{"start":{"line":43,"column":31},"end":{"line":43,"column":39}},"21":{"start":{"line":45,"column":4},"end":{"line":46,"column":88}},"22":{"start":{"line":46,"column":8},"end":{"line":46,"column":88}},"23":{"start":{"line":48,"column":4},"end":{"line":50,"column":5}},"24":{"start":{"line":49,"column":8},"end":{"line":49,"column":116}},"25":{"start":{"line":52,"column":4},"end":{"line":62,"column":5}},"26":{"start":{"line":53,"column":28},"end":{"line":53,"column":70}},"27":{"start":{"line":55,"column":8},"end":{"line":56,"column":91}},"28":{"start":{"line":56,"column":12},"end":{"line":56,"column":91}},"29":{"start":{"line":58,"column":8},"end":{"line":58,"column":96}},"30":{"start":{"line":60,"column":8},"end":{"line":60,"column":53}},"31":{"start":{"line":61,"column":8},"end":{"line":61,"column":70}},"32":{"start":{"line":41,"column":13},"end":{"line":41,"column":28}},"33":{"start":{"line":65,"column":28},"end":{"line":87,"column":1}},"34":{"start":{"line":66,"column":32},"end":{"line":66,"column":44}},"35":{"start":{"line":67,"column":19},"end":{"line":67,"column":64}},"36":{"start":{"line":69,"column":4},"end":{"line":70,"column":88}},"37":{"start":{"line":70,"column":8},"end":{"line":70,"column":88}},"38":{"start":{"line":72,"column":4},"end":{"line":74,"column":5}},"39":{"start":{"line":73,"column":8},"end":{"line":73,"column":84}},"40":{"start":{"line":76,"column":4},"end":{"line":86,"column":5}},"41":{"start":{"line":77,"column":24},"end":{"line":77,"column":60}},"42":{"start":{"line":79,"column":8},"end":{"line":80,"column":91}},"43":{"start":{"line":80,"column":12},"end":{"line":80,"column":91}},"44":{"start":{"line":82,"column":8},"end":{"line":82,"column":76}},"45":{"start":{"line":84,"column":8},"end":{"line":84,"column":53}},"46":{"start":{"line":85,"column":8},"end":{"line":85,"column":71}},"47":{"start":{"line":65,"column":13},"end":{"line":65,"column":28}},"48":{"start":{"line":90,"column":28},"end":{"line":109,"column":1}},"49":{"start":{"line":91,"column":32},"end":{"line":91,"column":44}},"50":{"start":{"line":92,"column":20},"end":{"line":92,"column":57}},"51":{"start":{"line":94,"column":4},"end":{"line":95,"column":88}},"52":{"start":{"line":95,"column":8},"end":{"line":95,"column":88}},"53":{"start":{"line":97,"column":4},"end":{"line":99,"column":5}},"54":{"start":{"line":98,"column":8},"end":{"line":98,"column":85}},"55":{"start":{"line":101,"column":4},"end":{"line":108,"column":5}},"56":{"start":{"line":102,"column":22},"end":{"line":102,"column":60}},"57":{"start":{"line":104,"column":8},"end":{"line":104,"column":52}},"58":{"start":{"line":106,"column":8},"end":{"line":106,"column":53}},"59":{"start":{"line":107,"column":8},"end":{"line":107,"column":74}},"60":{"start":{"line":90,"column":13},"end":{"line":90,"column":28}},"61":{"start":{"line":112,"column":27},"end":{"line":134,"column":1}},"62":{"start":{"line":113,"column":32},"end":{"line":113,"column":44}},"63":{"start":{"line":114,"column":19},"end":{"line":114,"column":44}},"64":{"start":{"line":116,"column":4},"end":{"line":117,"column":88}},"65":{"start":{"line":117,"column":8},"end":{"line":117,"column":88}},"66":{"start":{"line":119,"column":4},"end":{"line":121,"column":5}},"67":{"start":{"line":120,"column":8},"end":{"line":120,"column":84}},"68":{"start":{"line":123,"column":4},"end":{"line":133,"column":5}},"69":{"start":{"line":124,"column":28},"end":{"line":124,"column":84}},"70":{"start":{"line":126,"column":8},"end":{"line":127,"column":118}},"71":{"start":{"line":127,"column":12},"end":{"line":127,"column":118}},"72":{"start":{"line":129,"column":8},"end":{"line":129,"column":96}},"73":{"start":{"line":131,"column":8},"end":{"line":131,"column":52}},"74":{"start":{"line":132,"column":8},"end":{"line":132,"column":71}},"75":{"start":{"line":112,"column":13},"end":{"line":112,"column":27}},"76":{"start":{"line":136,"column":29},"end":{"line":158,"column":1}},"77":{"start":{"line":137,"column":32},"end":{"line":137,"column":44}},"78":{"start":{"line":138,"column":19},"end":{"line":138,"column":44}},"79":{"start":{"line":140,"column":4},"end":{"line":141,"column":88}},"80":{"start":{"line":141,"column":8},"end":{"line":141,"column":88}},"81":{"start":{"line":143,"column":4},"end":{"line":145,"column":5}},"82":{"start":{"line":144,"column":8},"end":{"line":144,"column":84}},"83":{"start":{"line":147,"column":4},"end":{"line":157,"column":5}},"84":{"start":{"line":148,"column":30},"end":{"line":148,"column":67}},"85":{"start":{"line":150,"column":8},"end":{"line":151,"column":93}},"86":{"start":{"line":151,"column":12},"end":{"line":151,"column":93}},"87":{"start":{"line":153,"column":8},"end":{"line":153,"column":100}},"88":{"start":{"line":155,"column":8},"end":{"line":155,"column":54}},"89":{"start":{"line":156,"column":8},"end":{"line":156,"column":73}},"90":{"start":{"line":136,"column":13},"end":{"line":136,"column":29}},"91":{"start":{"line":160,"column":33},"end":{"line":183,"column":1}},"92":{"start":{"line":161,"column":32},"end":{"line":161,"column":44}},"93":{"start":{"line":162,"column":33},"end":{"line":162,"column":41}},"94":{"start":{"line":163,"column":22},"end":{"line":163,"column":38}},"95":{"start":{"line":165,"column":4},"end":{"line":166,"column":88}},"96":{"start":{"line":166,"column":8},"end":{"line":166,"column":88}},"97":{"start":{"line":168,"column":4},"end":{"line":170,"column":5}},"98":{"start":{"line":169,"column":8},"end":{"line":169,"column":130}},"99":{"start":{"line":172,"column":4},"end":{"line":182,"column":5}},"100":{"start":{"line":173,"column":28},"end":{"line":173,"column":91}},"101":{"start":{"line":175,"column":8},"end":{"line":176,"column":97}},"102":{"start":{"line":176,"column":12},"end":{"line":176,"column":97}},"103":{"start":{"line":178,"column":8},"end":{"line":178,"column":104}},"104":{"start":{"line":180,"column":8},"end":{"line":180,"column":58}},"105":{"start":{"line":181,"column":8},"end":{"line":181,"column":77}},"106":{"start":{"line":160,"column":13},"end":{"line":160,"column":33}}},"fnMap":{"0":{"name":"(anonymous_9)","decl":{"start":{"line":15,"column":28},"end":{"line":15,"column":33}},"loc":{"start":{"line":15,"column":76},"end":{"line":39,"column":1}}},"1":{"name":"(anonymous_10)","decl":{"start":{"line":41,"column":28},"end":{"line":41,"column":33}},"loc":{"start":{"line":41,"column":76},"end":{"line":63,"column":1}}},"2":{"name":"(anonymous_11)","decl":{"start":{"line":65,"column":28},"end":{"line":65,"column":33}},"loc":{"start":{"line":65,"column":76},"end":{"line":87,"column":1}}},"3":{"name":"(anonymous_12)","decl":{"start":{"line":90,"column":28},"end":{"line":90,"column":33}},"loc":{"start":{"line":90,"column":76},"end":{"line":109,"column":1}}},"4":{"name":"(anonymous_13)","decl":{"start":{"line":112,"column":27},"end":{"line":112,"column":32}},"loc":{"start":{"line":112,"column":75},"end":{"line":134,"column":1}}},"5":{"name":"(anonymous_14)","decl":{"start":{"line":136,"column":29},"end":{"line":136,"column":34}},"loc":{"start":{"line":136,"column":77},"end":{"line":158,"column":1}}},"6":{"name":"(anonymous_15)","decl":{"start":{"line":160,"column":33},"end":{"line":160,"column":38}},"loc":{"start":{"line":160,"column":81},"end":{"line":183,"column":1}}}},"branchMap":{"0":{"loc":{"start":{"line":19,"column":4},"end":{"line":20,"column":88}},"type":"if","locations":[{"start":{"line":19,"column":4},"end":{"line":20,"column":88}},{"start":{},"end":{}}]},"1":{"loc":{"start":{"line":22,"column":4},"end":{"line":24,"column":5}},"type":"if","locations":[{"start":{"line":22,"column":4},"end":{"line":24,"column":5}},{"start":{},"end":{}}]},"2":{"loc":{"start":{"line":22,"column":8},"end":{"line":22,"column":33}},"type":"binary-expr","locations":[{"start":{"line":22,"column":8},"end":{"line":22,"column":13}},{"start":{"line":22,"column":17},"end":{"line":22,"column":21}},{"start":{"line":22,"column":25},"end":{"line":22,"column":33}}]},"3":{"loc":{"start":{"line":31,"column":8},"end":{"line":32,"column":103}},"type":"if","locations":[{"start":{"line":31,"column":8},"end":{"line":32,"column":103}},{"start":{},"end":{}}]},"4":{"loc":{"start":{"line":45,"column":4},"end":{"line":46,"column":88}},"type":"if","locations":[{"start":{"line":45,"column":4},"end":{"line":46,"column":88}},{"start":{},"end":{}}]},"5":{"loc":{"start":{"line":48,"column":4},"end":{"line":50,"column":5}},"type":"if","locations":[{"start":{"line":48,"column":4},"end":{"line":50,"column":5}},{"start":{},"end":{}}]},"6":{"loc":{"start":{"line":48,"column":8},"end":{"line":48,"column":67}},"type":"binary-expr","locations":[{"start":{"line":48,"column":8},"end":{"line":48,"column":24}},{"start":{"line":48,"column":28},"end":{"line":48,"column":46}},{"start":{"line":48,"column":50},"end":{"line":48,"column":67}}]},"7":{"loc":{"start":{"line":55,"column":8},"end":{"line":56,"column":91}},"type":"if","locations":[{"start":{"line":55,"column":8},"end":{"line":56,"column":91}},{"start":{},"end":{}}]},"8":{"loc":{"start":{"line":67,"column":28},"end":{"line":67,"column":63}},"type":"binary-expr","locations":[{"start":{"line":67,"column":28},"end":{"line":67,"column":43}},{"start":{"line":67,"column":47},"end":{"line":67,"column":63}}]},"9":{"loc":{"start":{"line":69,"column":4},"end":{"line":70,"column":88}},"type":"if","locations":[{"start":{"line":69,"column":4},"end":{"line":70,"column":88}},{"start":{},"end":{}}]},"10":{"loc":{"start":{"line":72,"column":4},"end":{"line":74,"column":5}},"type":"if","locations":[{"start":{"line":72,"column":4},"end":{"line":74,"column":5}},{"start":{},"end":{}}]},"11":{"loc":{"start":{"line":79,"column":8},"end":{"line":80,"column":91}},"type":"if","locations":[{"start":{"line":79,"column":8},"end":{"line":80,"column":91}},{"start":{},"end":{}}]},"12":{"loc":{"start":{"line":94,"column":4},"end":{"line":95,"column":88}},"type":"if","locations":[{"start":{"line":94,"column":4},"end":{"line":95,"column":88}},{"start":{},"end":{}}]},"13":{"loc":{"start":{"line":97,"column":4},"end":{"line":99,"column":5}},"type":"if","locations":[{"start":{"line":97,"column":4},"end":{"line":99,"column":5}},{"start":{},"end":{}}]},"14":{"loc":{"start":{"line":116,"column":4},"end":{"line":117,"column":88}},"type":"if","locations":[{"start":{"line":116,"column":4},"end":{"line":117,"column":88}},{"start":{},"end":{}}]},"15":{"loc":{"start":{"line":119,"column":4},"end":{"line":121,"column":5}},"type":"if","locations":[{"start":{"line":119,"column":4},"end":{"line":121,"column":5}},{"start":{},"end":{}}]},"16":{"loc":{"start":{"line":126,"column":8},"end":{"line":127,"column":118}},"type":"if","locations":[{"start":{"line":126,"column":8},"end":{"line":127,"column":118}},{"start":{},"end":{}}]},"17":{"loc":{"start":{"line":140,"column":4},"end":{"line":141,"column":88}},"type":"if","locations":[{"start":{"line":140,"column":4},"end":{"line":141,"column":88}},{"start":{},"end":{}}]},"18":{"loc":{"start":{"line":143,"column":4},"end":{"line":145,"column":5}},"type":"if","locations":[{"start":{"line":143,"column":4},"end":{"line":145,"column":5}},{"start":{},"end":{}}]},"19":{"loc":{"start":{"line":150,"column":8},"end":{"line":151,"column":93}},"type":"if","locations":[{"start":{"line":150,"column":8},"end":{"line":151,"column":93}},{"start":{},"end":{}}]},"20":{"loc":{"start":{"line":165,"column":4},"end":{"line":166,"column":88}},"type":"if","locations":[{"start":{"line":165,"column":4},"end":{"line":166,"column":88}},{"start":{},"end":{}}]},"21":{"loc":{"start":{"line":168,"column":4},"end":{"line":170,"column":5}},"type":"if","locations":[{"start":{"line":168,"column":4},"end":{"line":170,"column":5}},{"start":{},"end":{}}]},"22":{"loc":{"start":{"line":168,"column":8},"end":{"line":168,"column":81}},"type":"binary-expr","locations":[{"start":{"line":168,"column":8},"end":{"line":168,"column":24}},{"start":{"line":168,"column":28},"end":{"line":168,"column":37}},{"start":{"line":168,"column":41},"end":{"line":168,"column":81}}]},"23":{"loc":{"start":{"line":175,"column":8},"end":{"line":176,"column":97}},"type":"if","locations":[{"start":{"line":175,"column":8},"end":{"line":176,"column":97}},{"start":{},"end":{}}]}},"s":{"0":0,"1":0,"2":0,"3":0,"4":0,"5":0,"6":0,"7":0,"8":0,"9":0,"10":0,"11":0,"12":0,"13":0,"14":0,"15":0,"16":0,"17":0,"18":0,"19":0,"20":0,"21":0,"22":0,"23":0,"24":0,"25":0,"26":0,"27":0,"28":0,"29":0,"30":0,"31":0,"32":0,"33":0,"34":0,"35":0,"36":0,"37":0,"38":0,"39":0,"40":0,"41":0,"42":0,"43":0,"44":0,"45":0,"46":0,"47":0,"48":0,"49":0,"50":0,"51":0,"52":0,"53":0,"54":0,"55":0,"56":0,"57":0,"58":0,"59":0,"60":0,"61":0,"62":0,"63":0,"64":0,"65":0,"66":0,"67":0,"68":0,"69":0,"70":0,"71":0,"72":0,"73":0,"74":0,"75":0,"76":0,"77":0,"78":0,"79":0,"80":0,"81":0,"82":0,"83":0,"84":0,"85":0,"86":0,"87":0,"88":0,"89":0,"90":0,"91":0,"92":0,"93":0,"94":0,"95":0,"96":0,"97":0,"98":0,"99":0,"100":0,"101":0,"102":0,"103":0,"104":0,"105":0,"106":0},"f":{"0":0,"1":0,"2":0,"3":0,"4":0,"5":0,"6":0},"b":{"0":[0,0],"1":[0,0],"2":[0,0,0],"3":[0,0],"4":[0,0],"5":[0,0],"6":[0,0,0],"7":[0,0],"8":[0,0],"9":[0,0],"10":[0,0],"11":[0,0],"12":[0,0],"13":[0,0],"14":[0,0],"15":[0,0],"16":[0,0],"17":[0,0],"18":[0,0],"19":[0,0],"20":[0,0],"21":[0,0],"22":[0,0,0],"23":[0,0]}}
,"/mnt/ssd2nd/University/ThirdYear/Semester_I/Dezvoltarea_Aplicatiilor_Web(DAW)/Laborator/flow-share/src/controllers/user-controller.ts": {"path":"/mnt/ssd2nd/University/ThirdYear/Semester_I/Dezvoltarea_Aplicatiilor_Web(DAW)/Laborator/flow-share/src/controllers/user-controller.ts","statementMap":{"0":{"start":{"line":2,"column":0},"end":{"line":2,"column":56}},"1":{"start":{"line":11,"column":29},"end":{"line":37,"column":1}},"2":{"start":{"line":13,"column":26},"end":{"line":13,"column":79}},"3":{"start":{"line":14,"column":32},"end":{"line":14,"column":44}},"4":{"start":{"line":16,"column":4},"end":{"line":18,"column":5}},"5":{"start":{"line":17,"column":8},"end":{"line":17,"column":86}},"6":{"start":{"line":22,"column":4},"end":{"line":23,"column":99}},"7":{"start":{"line":23,"column":8},"end":{"line":23,"column":99}},"8":{"start":{"line":25,"column":4},"end":{"line":36,"column":5}},"9":{"start":{"line":26,"column":21},"end":{"line":26,"column":66}},"10":{"start":{"line":28,"column":8},"end":{"line":30,"column":9}},"11":{"start":{"line":29,"column":12},"end":{"line":29,"column":72}},"12":{"start":{"line":32,"column":8},"end":{"line":32,"column":46}},"13":{"start":{"line":34,"column":8},"end":{"line":34,"column":54}},"14":{"start":{"line":35,"column":8},"end":{"line":35,"column":75}},"15":{"start":{"line":11,"column":13},"end":{"line":11,"column":29}},"16":{"start":{"line":39,"column":28},"end":{"line":64,"column":1}},"17":{"start":{"line":40,"column":32},"end":{"line":40,"column":44}},"18":{"start":{"line":43,"column":27},"end":{"line":43,"column":54}},"19":{"start":{"line":46,"column":4},"end":{"line":47,"column":99}},"20":{"start":{"line":47,"column":8},"end":{"line":47,"column":99}},"21":{"start":{"line":49,"column":4},"end":{"line":63,"column":5}},"22":{"start":{"line":51,"column":35},"end":{"line":51,"column":78}},"23":{"start":{"line":53,"column":28},"end":{"line":53,"column":70}},"24":{"start":{"line":55,"column":8},"end":{"line":56,"column":91}},"25":{"start":{"line":56,"column":12},"end":{"line":56,"column":91}},"26":{"start":{"line":59,"column":8},"end":{"line":59,"column":57}},"27":{"start":{"line":61,"column":8},"end":{"line":61,"column":53}},"28":{"start":{"line":62,"column":8},"end":{"line":62,"column":71}},"29":{"start":{"line":39,"column":13},"end":{"line":39,"column":28}},"30":{"start":{"line":66,"column":28},"end":{"line":93,"column":1}},"31":{"start":{"line":67,"column":32},"end":{"line":67,"column":44}},"32":{"start":{"line":70,"column":27},"end":{"line":70,"column":54}},"33":{"start":{"line":73,"column":4},"end":{"line":74,"column":99}},"34":{"start":{"line":74,"column":8},"end":{"line":74,"column":99}},"35":{"start":{"line":76,"column":4},"end":{"line":92,"column":5}},"36":{"start":{"line":80,"column":28},"end":{"line":80,"column":72}},"37":{"start":{"line":82,"column":8},"end":{"line":82,"column":104}},"38":{"start":{"line":82,"column":25},"end":{"line":82,"column":104}},"39":{"start":{"line":86,"column":8},"end":{"line":86,"column":103}},"40":{"start":{"line":88,"column":8},"end":{"line":88,"column":53}},"41":{"start":{"line":91,"column":8},"end":{"line":91,"column":71}},"42":{"start":{"line":66,"column":13},"end":{"line":66,"column":28}}},"fnMap":{"0":{"name":"(anonymous_9)","decl":{"start":{"line":11,"column":29},"end":{"line":11,"column":34}},"loc":{"start":{"line":11,"column":79},"end":{"line":37,"column":1}}},"1":{"name":"(anonymous_10)","decl":{"start":{"line":39,"column":28},"end":{"line":39,"column":33}},"loc":{"start":{"line":39,"column":77},"end":{"line":64,"column":1}}},"2":{"name":"(anonymous_11)","decl":{"start":{"line":66,"column":28},"end":{"line":66,"column":33}},"loc":{"start":{"line":66,"column":76},"end":{"line":93,"column":1}}}},"branchMap":{"0":{"loc":{"start":{"line":13,"column":35},"end":{"line":13,"column":78}},"type":"binary-expr","locations":[{"start":{"line":13,"column":35},"end":{"line":13,"column":57}},{"start":{"line":13,"column":61},"end":{"line":13,"column":78}}]},"1":{"loc":{"start":{"line":16,"column":4},"end":{"line":18,"column":5}},"type":"if","locations":[{"start":{"line":16,"column":4},"end":{"line":18,"column":5}},{"start":{},"end":{}}]},"2":{"loc":{"start":{"line":22,"column":4},"end":{"line":23,"column":99}},"type":"if","locations":[{"start":{"line":22,"column":4},"end":{"line":23,"column":99}},{"start":{},"end":{}}]},"3":{"loc":{"start":{"line":22,"column":8},"end":{"line":22,"column":69}},"type":"binary-expr","locations":[{"start":{"line":22,"column":8},"end":{"line":22,"column":28}},{"start":{"line":22,"column":32},"end":{"line":22,"column":69}}]},"4":{"loc":{"start":{"line":28,"column":8},"end":{"line":30,"column":9}},"type":"if","locations":[{"start":{"line":28,"column":8},"end":{"line":30,"column":9}},{"start":{},"end":{}}]},"5":{"loc":{"start":{"line":46,"column":4},"end":{"line":47,"column":99}},"type":"if","locations":[{"start":{"line":46,"column":4},"end":{"line":47,"column":99}},{"start":{},"end":{}}]},"6":{"loc":{"start":{"line":46,"column":7},"end":{"line":46,"column":69}},"type":"binary-expr","locations":[{"start":{"line":46,"column":7},"end":{"line":46,"column":27}},{"start":{"line":46,"column":31},"end":{"line":46,"column":69}}]},"7":{"loc":{"start":{"line":55,"column":8},"end":{"line":56,"column":91}},"type":"if","locations":[{"start":{"line":55,"column":8},"end":{"line":56,"column":91}},{"start":{},"end":{}}]},"8":{"loc":{"start":{"line":73,"column":4},"end":{"line":74,"column":99}},"type":"if","locations":[{"start":{"line":73,"column":4},"end":{"line":74,"column":99}},{"start":{},"end":{}}]},"9":{"loc":{"start":{"line":73,"column":7},"end":{"line":73,"column":69}},"type":"binary-expr","locations":[{"start":{"line":73,"column":7},"end":{"line":73,"column":27}},{"start":{"line":73,"column":31},"end":{"line":73,"column":69}}]},"10":{"loc":{"start":{"line":82,"column":8},"end":{"line":82,"column":104}},"type":"if","locations":[{"start":{"line":82,"column":8},"end":{"line":82,"column":104}},{"start":{},"end":{}}]}},"s":{"0":0,"1":0,"2":0,"3":0,"4":0,"5":0,"6":0,"7":0,"8":0,"9":0,"10":0,"11":0,"12":0,"13":0,"14":0,"15":0,"16":0,"17":0,"18":0,"19":0,"20":0,"21":0,"22":0,"23":0,"24":0,"25":0,"26":0,"27":0,"28":0,"29":0,"30":0,"31":0,"32":0,"33":0,"34":0,"35":0,"36":0,"37":0,"38":0,"39":0,"40":0,"41":0,"42":0},"f":{"0":0,"1":0,"2":0},"b":{"0":[0,0],"1":[0,0],"2":[0,0],"3":[0,0],"4":[0,0],"5":[0,0],"6":[0,0],"7":[0,0],"8":[0,0],"9":[0,0],"10":[0,0]}}
,"/mnt/ssd2nd/University/ThirdYear/Semester_I/Dezvoltarea_Aplicatiilor_Web(DAW)/Laborator/flow-share/src/middleware/auth-middleware.ts": {"path":"/mnt/ssd2nd/University/ThirdYear/Semester_I/Dezvoltarea_Aplicatiilor_Web(DAW)/Laborator/flow-share/src/middleware/auth-middleware.ts","statementMap":{"0":{"start":{"line":3,"column":0},"end":{"line":3,"column":31}},"1":{"start":{"line":4,"column":0},"end":{"line":4,"column":56}},"2":{"start":{"line":6,"column":19},"end":{"line":6,"column":59}},"3":{"start":{"line":14,"column":28},"end":{"line":37,"column":1}},"4":{"start":{"line":15,"column":18},"end":{"line":15,"column":35}},"5":{"start":{"line":17,"column":4},"end":{"line":19,"column":5}},"6":{"start":{"line":18,"column":8},"end":{"line":18,"column":46}},"7":{"start":{"line":21,"column":4},"end":{"line":36,"column":5}},"8":{"start":{"line":22,"column":24},"end":{"line":22,"column":69}},"9":{"start":{"line":23,"column":21},"end":{"line":23,"column":51}},"10":{"start":{"line":25,"column":8},"end":{"line":28,"column":9}},"11":{"start":{"line":26,"column":12},"end":{"line":26,"column":37}},"12":{"start":{"line":27,"column":12},"end":{"line":27,"column":50}},"13":{"start":{"line":30,"column":8},"end":{"line":30,"column":24}},"14":{"start":{"line":31,"column":8},"end":{"line":31,"column":15}},"15":{"start":{"line":33,"column":4},"end":{"line":33,"column":51}},"16":{"start":{"line":34,"column":4},"end":{"line":34,"column":29}},"17":{"start":{"line":35,"column":4},"end":{"line":35,"column":42}},"18":{"start":{"line":14,"column":13},"end":{"line":14,"column":28}}},"fnMap":{"0":{"name":"(anonymous_1)","decl":{"start":{"line":14,"column":28},"end":{"line":14,"column":33}},"loc":{"start":{"line":14,"column":98},"end":{"line":37,"column":1}}}},"branchMap":{"0":{"loc":{"start":{"line":6,"column":19},"end":{"line":6,"column":59}},"type":"binary-expr","locations":[{"start":{"line":6,"column":19},"end":{"line":6,"column":41}},{"start":{"line":6,"column":45},"end":{"line":6,"column":59}}]},"1":{"loc":{"start":{"line":17,"column":4},"end":{"line":19,"column":5}},"type":"if","locations":[{"start":{"line":17,"column":4},"end":{"line":19,"column":5}},{"start":{},"end":{}}]},"2":{"loc":{"start":{"line":25,"column":8},"end":{"line":28,"column":9}},"type":"if","locations":[{"start":{"line":25,"column":8},"end":{"line":28,"column":9}},{"start":{},"end":{}}]}},"s":{"0":1,"1":1,"2":1,"3":1,"4":1,"5":1,"6":0,"7":1,"8":1,"9":0,"10":0,"11":0,"12":0,"13":0,"14":0,"15":1,"16":1,"17":1,"18":1},"f":{"0":1},"b":{"0":[1,1],"1":[0,1],"2":[0,0]}}
,"/mnt/ssd2nd/University/ThirdYear/Semester_I/Dezvoltarea_Aplicatiilor_Web(DAW)/Laborator/flow-share/src/routes/auth-routes.ts": {"path":"/mnt/ssd2nd/University/ThirdYear/Semester_I/Dezvoltarea_Aplicatiilor_Web(DAW)/Laborator/flow-share/src/routes/auth-routes.ts","statementMap":{"0":{"start":{"line":1,"column":0},"end":{"line":1,"column":31}},"1":{"start":{"line":2,"column":0},"end":{"line":2,"column":65}},"2":{"start":{"line":3,"column":0},"end":{"line":3,"column":60}},"3":{"start":{"line":5,"column":15},"end":{"line":5,"column":23}},"4":{"start":{"line":7,"column":0},"end":{"line":7,"column":56}},"5":{"start":{"line":8,"column":0},"end":{"line":8,"column":50}},"6":{"start":{"line":9,"column":0},"end":{"line":9,"column":66}},"7":{"start":{"line":11,"column":0},"end":{"line":11,"column":22}}},"fnMap":{},"branchMap":{},"s":{"0":1,"1":1,"2":1,"3":1,"4":1,"5":1,"6":1,"7":1},"f":{},"b":{}}
,"/mnt/ssd2nd/University/ThirdYear/Semester_I/Dezvoltarea_Aplicatiilor_Web(DAW)/Laborator/flow-share/src/routes/contribution-routes.ts": {"path":"/mnt/ssd2nd/University/ThirdYear/Semester_I/Dezvoltarea_Aplicatiilor_Web(DAW)/Laborator/flow-share/src/routes/contribution-routes.ts","statementMap":{"0":{"start":{"line":1,"column":0},"end":{"line":1,"column":33}},"1":{"start":{"line":2,"column":0},"end":{"line":2,"column":81}},"2":{"start":{"line":3,"column":0},"end":{"line":3,"column":61}},"3":{"start":{"line":5,"column":15},"end":{"line":5,"column":23}},"4":{"start":{"line":7,"column":0},"end":{"line":7,"column":74}},"5":{"start":{"line":8,"column":0},"end":{"line":8,"column":73}},"6":{"start":{"line":9,"column":0},"end":{"line":9,"column":76}},"7":{"start":{"line":10,"column":0},"end":{"line":10,"column":74}},"8":{"start":{"line":12,"column":0},"end":{"line":12,"column":22}}},"fnMap":{},"branchMap":{},"s":{"0":0,"1":0,"2":0,"3":0,"4":0,"5":0,"6":0,"7":0,"8":0},"f":{},"b":{}}
,"/mnt/ssd2nd/University/ThirdYear/Semester_I/Dezvoltarea_Aplicatiilor_Web(DAW)/Laborator/flow-share/src/routes/expense-routes.ts": {"path":"/mnt/ssd2nd/University/ThirdYear/Semester_I/Dezvoltarea_Aplicatiilor_Web(DAW)/Laborator/flow-share/src/routes/expense-routes.ts","statementMap":{"0":{"start":{"line":1,"column":0},"end":{"line":1,"column":33}},"1":{"start":{"line":2,"column":0},"end":{"line":2,"column":71}},"2":{"start":{"line":3,"column":0},"end":{"line":3,"column":61}},"3":{"start":{"line":4,"column":15},"end":{"line":4,"column":23}},"4":{"start":{"line":6,"column":0},"end":{"line":6,"column":69}},"5":{"start":{"line":7,"column":0},"end":{"line":7,"column":68}},"6":{"start":{"line":8,"column":0},"end":{"line":8,"column":71}},"7":{"start":{"line":9,"column":0},"end":{"line":9,"column":69}},"8":{"start":{"line":11,"column":0},"end":{"line":11,"column":22}}},"fnMap":{},"branchMap":{},"s":{"0":0,"1":0,"2":0,"3":0,"4":0,"5":0,"6":0,"7":0,"8":0},"f":{},"b":{}}
,"/mnt/ssd2nd/University/ThirdYear/Semester_I/Dezvoltarea_Aplicatiilor_Web(DAW)/Laborator/flow-share/src/routes/group-routes.ts": {"path":"/mnt/ssd2nd/University/ThirdYear/Semester_I/Dezvoltarea_Aplicatiilor_Web(DAW)/Laborator/flow-share/src/routes/group-routes.ts","statementMap":{"0":{"start":{"line":1,"column":0},"end":{"line":1,"column":33}},"1":{"start":{"line":2,"column":0},"end":{"line":2,"column":67}},"2":{"start":{"line":3,"column":0},"end":{"line":3,"column":61}},"3":{"start":{"line":7,"column":15},"end":{"line":7,"column":23}},"4":{"start":{"line":12,"column":0},"end":{"line":12,"column":102}},"5":{"start":{"line":13,"column":0},"end":{"line":13,"column":85}},"6":{"start":{"line":14,"column":0},"end":{"line":14,"column":88}},"7":{"start":{"line":17,"column":0},"end":{"line":17,"column":93}},"8":{"start":{"line":18,"column":0},"end":{"line":18,"column":119}},"9":{"start":{"line":19,"column":0},"end":{"line":19,"column":98}},"10":{"start":{"line":20,"column":0},"end":{"line":20,"column":96}},"11":{"start":{"line":23,"column":0},"end":{"line":23,"column":67}},"12":{"start":{"line":24,"column":0},"end":{"line":24,"column":106}},"13":{"start":{"line":26,"column":0},"end":{"line":26,"column":22}}},"fnMap":{},"branchMap":{},"s":{"0":0,"1":0,"2":0,"3":0,"4":0,"5":0,"6":0,"7":0,"8":0,"9":0,"10":0,"11":0,"12":0,"13":0},"f":{},"b":{}}
[...]
lumn":26},"end":{"line":7,"column":83}},"4":{"start":{"line":9,"column":4},"end":{"line":9,"column":35}},"5":{"start":{"line":9,"column":23},"end":{"line":9,"column":35}},"6":{"start":{"line":11,"column":25},"end":{"line":16,"column":6}},"7":{"start":{"line":18,"column":4},"end":{"line":18,"column":24}},"8":{"start":{"line":5,"column":13},"end":{"line":5,"column":27}},"9":{"start":{"line":21,"column":27},"end":{"line":34,"column":1}},"10":{"start":{"line":22,"column":26},"end":{"line":22,"column":78}},"11":{"start":{"line":23,"column":4},"end":{"line":23,"column":35}},"12":{"start":{"line":23,"column":23},"end":{"line":23,"column":35}},"13":{"start":{"line":25,"column":25},"end":{"line":32,"column":6}},"14":{"start":{"line":33,"column":4},"end":{"line":33,"column":24}},"15":{"start":{"line":21,"column":13},"end":{"line":21,"column":27}},"16":{"start":{"line":36,"column":27},"end":{"line":42,"column":1}},"17":{"start":{"line":37,"column":26},"end":{"line":37,"column":78}},"18":{"start":{"line":38,"column":4},"end":{"line":38,"column":36}},"19":{"start":{"line":38,"column":23},"end":{"line":38,"column":36}},"20":{"start":{"line":40,"column":4},"end":{"line":40,"column":55}},"21":{"start":{"line":41,"column":4},"end":{"line":41,"column":16}},"22":{"start":{"line":36,"column":13},"end":{"line":36,"column":27}},"23":{"start":{"line":44,"column":25},"end":{"line":55,"column":1}},"24":{"start":{"line":45,"column":27},"end":{"line":45,"column":120}},"25":{"start":{"line":46,"column":4},"end":{"line":46,"column":35}},"26":{"start":{"line":46,"column":23},"end":{"line":46,"column":35}},"27":{"start":{"line":48,"column":26},"end":{"line":53,"column":6}},"28":{"start":{"line":54,"column":4},"end":{"line":54,"column":25}},"29":{"start":{"line":44,"column":13},"end":{"line":44,"column":25}},"30":{"start":{"line":57,"column":28},"end":{"line":63,"column":1}},"31":{"start":{"line":58,"column":27},"end":{"line":58,"column":88}},"32":{"start":{"line":59,"column":4},"end":{"line":59,"column":37}},"33":{"start":{"line":59,"column":24},"end":{"line":59,"column":37}},"34":{"start":{"line":61,"column":4},"end":{"line":61,"column":62}},"35":{"start":{"line":62,"column":4},"end":{"line":62,"column":16}},"36":{"start":{"line":57,"column":13},"end":{"line":57,"column":28}},"37":{"start":{"line":65,"column":28},"end":{"line":76,"column":1}},"38":{"start":{"line":66,"column":27},"end":{"line":66,"column":87}},"39":{"start":{"line":67,"column":4},"end":{"line":67,"column":36}},"40":{"start":{"line":67,"column":24},"end":{"line":67,"column":36}},"41":{"start":{"line":69,"column":27},"end":{"line":74,"column":6}},"42":{"start":{"line":75,"column":4},"end":{"line":75,"column":26}},"43":{"start":{"line":65,"column":13},"end":{"line":65,"column":28}},"44":{"start":{"line":78,"column":27},"end":{"line":89,"column":1}},"45":{"start":{"line":79,"column":27},"end":{"line":79,"column":87}},"46":{"start":{"line":80,"column":4},"end":{"line":80,"column":36}},"47":{"start":{"line":80,"column":24},"end":{"line":80,"column":36}},"48":{"start":{"line":82,"column":26},"end":{"line":87,"column":6}},"49":{"start":{"line":88,"column":4},"end":{"line":88,"column":25}},"50":{"start":{"line":78,"column":13},"end":{"line":78,"column":27}},"51":{"start":{"line":91,"column":25},"end":{"line":104,"column":1}},"52":{"start":{"line":92,"column":29},"end":{"line":99,"column":6}},"53":{"start":{"line":101,"column":19},"end":{"line":101,"column":71}},"54":{"start":{"line":101,"column":54},"end":{"line":101,"column":70}},"55":{"start":{"line":103,"column":4},"end":{"line":103,"column":18}},"56":{"start":{"line":91,"column":13},"end":{"line":91,"column":25}},"57":{"start":{"line":106,"column":31},"end":{"line":119,"column":1}},"58":{"start":{"line":107,"column":29},"end":{"line":114,"column":6}},"59":{"start":{"line":116,"column":20},"end":{"line":116,"column":71}},"60":{"start":{"line":116,"column":55},"end":{"line":116,"column":70}},"61":{"start":{"line":118,"column":4},"end":{"line":118,"column":19}},"62":{"start":{"line":106,"column":13},"end":{"line":106,"column":31}}},"fnMap":{"0":{"name":"(anonymous_0)","decl":{"start":{"line":5,"column":27},"end":{"line":5,"column":32}},"loc":{"start":{"line":5,"column":73},"end":{"line":19,"column":1}}},"1":{"name":"(anonymous_1)","decl":{"start":{"line":21,"column":27},"end":{"line":21,"column":32}},"loc":{"start":{"line":21,"column":73},"end":{"line":34,"column":1}}},"2":{"name":"(anonymous_2)","decl":{"start":{"line":36,"column":27},"end":{"line":36,"column":32}},"loc":{"start":{"line":36,"column":68},"end":{"line":42,"column":1}}},"3":{"name":"(anonymous_3)","decl":{"start":{"line":44,"column":25},"end":{"line":44,"column":30}},"loc":{"start":{"line":44,"column":84},"end":{"line":55,"column":1}}},"4":{"name":"(anonymous_4)","decl":{"start":{"line":57,"column":28},"end":{"line":57,"column":33}},"loc":{"start":{"line":57,"column":76},"end":{"line":63,"column":1}}},"5":{"name":"(anonymous_5)","decl":{"start":{"line":65,"column":28},"end":{"line":65,"column":33}},"loc":{"start":{"line":65,"column":87},"end":{"line":76,"column":1}}},"6":{"name":"(anonymous_6)","decl":{"start":{"line":78,"column":27},"end":{"line":78,"column":32}},"loc":{"start":{"line":78,"column":86},"end":{"line":89,"column":1}}},"7":{"name":"(anonymous_7)","decl":{"start":{"line":91,"column":25},"end":{"line":91,"column":30}},"loc":{"start":{"line":91,"column":64},"end":{"line":104,"column":1}}},"8":{"name":"(anonymous_8)","decl":{"start":{"line":101,"column":40},"end":{"line":101,"column":50}},"loc":{"start":{"line":101,"column":54},"end":{"line":101,"column":70}}},"9":{"name":"(anonymous_9)","decl":{"start":{"line":106,"column":31},"end":{"line":106,"column":36}},"loc":{"start":{"line":106,"column":74},"end":{"line":119,"column":1}}},"10":{"name":"(anonymous_10)","decl":{"start":{"line":116,"column":41},"end":{"line":116,"column":51}},"loc":{"start":{"line":116,"column":55},"end":{"line":116,"column":70}}}},"branchMap":{"0":{"loc":{"start":{"line":9,"column":4},"end":{"line":9,"column":35}},"type":"if","locations":[{"start":{"line":9,"column":4},"end":{"line":9,"column":35}},{"start":{},"end":{}}]},"1":{"loc":{"start":{"line":23,"column":4},"end":{"line":23,"column":35}},"type":"if","locations":[{"start":{"line":23,"column":4},"end":{"line":23,"column":35}},{"start":{},"end":{}}]},"2":{"loc":{"start":{"line":38,"column":4},"end":{"line":38,"column":36}},"type":"if","locations":[{"start":{"line":38,"column":4},"end":{"line":38,"column":36}},{"start":{},"end":{}}]},"3":{"loc":{"start":{"line":46,"column":4},"end":{"line":46,"column":35}},"type":"if","locations":[{"start":{"line":46,"column":4},"end":{"line":46,"column":35}},{"start":{},"end":{}}]},"4":{"loc":{"start":{"line":59,"column":4},"end":{"line":59,"column":37}},"type":"if","locations":[{"start":{"line":59,"column":4},"end":{"line":59,"column":37}},{"start":{},"end":{}}]},"5":{"loc":{"start":{"line":67,"column":4},"end":{"line":67,"column":36}},"type":"if","locations":[{"start":{"line":67,"column":4},"end":{"line":67,"column":36}},{"start":{},"end":{}}]},"6":{"loc":{"start":{"line":80,"column":4},"end":{"line":80,"column":36}},"type":"if","locations":[{"start":{"line":80,"column":4},"end":{"line":80,"column":36}},{"start":{},"end":{}}]}},"s":{"0":0,"1":0,"2":0,"3":0,"4":0,"5":0,"6":0,"7":0,"8":0,"9":0,"10":0,"11":0,"12":0,"13":0,"14":0,"15":0,"16":0,"17":0,"18":0,"19":0,"20":0,"21":0,"22":0,"23":0,"24":0,"25":0,"26":0,"27":0,"28":0,"29":0,"30":0,"31":0,"32":0,"33":0,"34":0,"35":0,"36":0,"37":0,"38":0,"39":0,"40":0,"41":0,"42":0,"43":0,"44":0,"45":0,"46":0,"47":0,"48":0,"49":0,"50":0,"51":0,"52":0,"53":0,"54":0,"55":0,"56":0,"57":0,"58":0,"59":0,"60":0,"61":0,"62":0},"f":{"0":0,"1":0,"2":0,"3":0,"4":0,"5":0,"6":0,"7":0,"8":0,"9":0,"10":0},"b":{"0":[0,0],"1":[0,0],"2":[0,0],"3":[0,0],"4":[0,0],"5":[0,0],"6":[0,0]}}
,"/mnt/ssd2nd/University/ThirdYear/Semester_I/Dezvoltarea_Aplicatiilor_Web(DAW)/Laborator/flow-share/src/services/task-service.ts": {"path":"/mnt/ssd2nd/University/ThirdYear/Semester_I/Dezvoltarea_Aplicatiilor_Web(DAW)/Laborator/flow-share/src/services/task-service.ts","statementMap":{"0":{"start":{"line":1,"column":0},"end":{"line":1,"column":75}},"1":{"start":{"line":3,"column":15},"end":{"line":3,"column":33}},"2":{"start":{"line":5,"column":25},"end":{"line":11,"column":1}},"3":{"start":{"line":6,"column":24},"end":{"line":9,"column":6}},"4":{"start":{"line":10,"column":4},"end":{"line":10,"column":35}},"5":{"start":{"line":13,"column":26},"end":{"line":25,"column":1}},"6":{"start":{"line":15,"column":24},"end":{"line":22,"column":6}},"7":{"start":{"line":24,"column":4},"end":{"line":24,"column":23}},"8":{"start":{"line":13,"column":13},"end":{"line":13,"column":26}},"9":{"start":{"line":27,"column":26},"end":{"line":40,"column":1}},"10":{"start":{"line":28,"column":25},"end":{"line":28,"column":76}},"11":{"start":{"line":29,"column":4},"end":{"line":29,"column":34}},"12":{"start":{"line":29,"column":22},"end":{"line":29,"column":34}},"13":{"start":{"line":31,"column":24},"end":{"line":38,"column":6}},"14":{"start":{"line":39,"column":4},"end":{"line":39,"column":23}},"15":{"start":{"line":27,"column":13},"end":{"line":27,"column":26}},"16":{"start":{"line":42,"column":26},"end":{"line":48,"column":1}},"17":{"start":{"line":43,"column":25},"end":{"line":43,"column":75}},"18":{"start":{"line":44,"column":4},"end":{"line":44,"column":35}},"19":{"start":{"line":44,"column":22},"end":{"line":44,"column":35}},"20":{"start":{"line":46,"column":4},"end":{"line":46,"column":52}},"21":{"start":{"line":47,"column":4},"end":{"line":47,"column":16}},"22":{"start":{"line":42,"column":13},"end":{"line":42,"column":26}},"23":{"start":{"line":50,"column":27},"end":{"line":64,"column":1}},"24":{"start":{"line":51,"column":18},"end":{"line":62,"column":6}},"25":{"start":{"line":63,"column":4},"end":{"line":63,"column":17}},"26":{"start":{"line":50,"column":13},"end":{"line":50,"column":27}},"27":{"start":{"line":66,"column":25},"end":{"line":81,"column":1}},"28":{"start":{"line":67,"column":25},"end":{"line":67,"column":75}},"29":{"start":{"line":68,"column":4},"end":{"line":68,"column":34}},"30":{"start":{"line":68,"column":22},"end":{"line":68,"column":34}},"31":{"start":{"line":70,"column":26},"end":{"line":70,"column":78}},"32":{"start":{"line":71,"column":4},"end":{"line":73,"column":5}},"33":{"start":{"line":72,"column":8},"end":{"line":72,"column":20}},"34":{"start":{"line":75,"column":24},"end":{"line":78,"column":6}},"35":{"start":{"line":80,"column":4},"end":{"line":80,"column":23}},"36":{"start":{"line":66,"column":13},"end":{"line":66,"column":25}},"37":{"start":{"line":83,"column":27},"end":{"line":93,"column":1}},"38":{"start":{"line":84,"column":25},"end":{"line":84,"column":75}},"39":{"start":{"line":85,"column":4},"end":{"line":85,"column":34}},"40":{"start":{"line":85,"column":22},"end":{"line":85,"column":34}},"41":{"start":{"line":87,"column":26},"end":{"line":90,"column":6}},"42":{"start":{"line":92,"column":4},"end":{"line":92,"column":25}},"43":{"start":{"line":83,"column":13},"end":{"line":83,"column":27}},"44":{"start":{"line":95,"column":31},"end":{"line":105,"column":1}},"45":{"start":{"line":96,"column":25},"end":{"line":96,"column":75}},"46":{"start":{"line":97,"column":4},"end":{"line":97,"column":34}},"47":{"start":{"line":97,"column":22},"end":{"line":97,"column":34}},"48":{"start":{"line":99,"column":24},"end":{"line":102,"column":6}},"49":{"start":{"line":104,"column":4},"end":{"line":104,"column":23}},"50":{"start":{"line":95,"column":13},"end":{"line":95,"column":31}}},"fnMap":{"0":{"name":"(anonymous_0)","decl":{"start":{"line":5,"column":25},"end":{"line":5,"column":30}},"loc":{"start":{"line":5,"column":91},"end":{"line":11,"column":1}}},"1":{"name":"(anonymous_1)","decl":{"start":{"line":13,"column":26},"end":{"line":13,"column":31}},"loc":{"start":{"line":13,"column":86},"end":{"line":25,"column":1}}},"2":{"name":"(anonymous_2)","decl":{"start":{"line":27,"column":26},"end":{"line":27,"column":31}},"loc":{"start":{"line":27,"column":69},"end":{"line":40,"column":1}}},"3":{"name":"(anonymous_3)","decl":{"start":{"line":42,"column":26},"end":{"line":42,"column":31}},"loc":{"start":{"line":42,"column":70},"end":{"line":48,"column":1}}},"4":{"name":"(anonymous_4)","decl":{"start":{"line":50,"column":27},"end":{"line":50,"column":32}},"loc":{"start":{"line":50,"column":71},"end":{"line":64,"column":1}}},"5":{"name":"(anonymous_5)","decl":{"start":{"line":66,"column":25},"end":{"line":66,"column":30}},"loc":{"start":{"line":66,"column":88},"end":{"line":81,"column":1}}},"6":{"name":"(anonymous_6)","decl":{"start":{"line":83,"column":27},"end":{"line":83,"column":32}},"loc":{"start":{"line":83,"column":74},"end":{"line":93,"column":1}}},"7":{"name":"(anonymous_7)","decl":{"start":{"line":95,"column":31},"end":{"line":95,"column":36}},"loc":{"start":{"line":95,"column":95},"end":{"line":105,"column":1}}}},"branchMap":{"0":{"loc":{"start":{"line":10,"column":11},"end":{"line":10,"column":34}},"type":"binary-expr","locations":[{"start":{"line":10,"column":11},"end":{"line":10,"column":26}},{"start":{"line":10,"column":30},"end":{"line":10,"column":34}}]},"1":{"loc":{"start":{"line":29,"column":4},"end":{"line":29,"column":34}},"type":"if","locations":[{"start":{"line":29,"column":4},"end":{"line":29,"column":34}},{"start":{},"end":{}}]},"2":{"loc":{"start":{"line":44,"column":4},"end":{"line":44,"column":35}},"type":"if","locations":[{"start":{"line":44,"column":4},"end":{"line":44,"column":35}},{"start":{},"end":{}}]},"3":{"loc":{"start":{"line":68,"column":4},"end":{"line":68,"column":34}},"type":"if","locations":[{"start":{"line":68,"column":4},"end":{"line":68,"column":34}},{"start":{},"end":{}}]},"4":{"loc":{"start":{"line":71,"column":4},"end":{"line":73,"column":5}},"type":"if","locations":[{"start":{"line":71,"column":4},"end":{"line":73,"column":5}},{"start":{},"end":{}}]},"5":{"loc":{"start":{"line":85,"column":4},"end":{"line":85,"column":34}},"type":"if","locations":[{"start":{"line":85,"column":4},"end":{"line":85,"column":34}},{"start":{},"end":{}}]},"6":{"loc":{"start":{"line":97,"column":4},"end":{"line":97,"column":34}},"type":"if","locations":[{"start":{"line":97,"column":4},"end":{"line":97,"column":34}},{"start":{},"end":{}}]}},"s":{"0":0,"1":0,"2":0,"3":0,"4":0,"5":0,"6":0,"7":0,"8":0,"9":0,"10":0,"11":0,"12":0,"13":0,"14":0,"15":0,"16":0,"17":0,"18":0,"19":0,"20":0,"21":0,"22":0,"23":0,"24":0,"25":0,"26":0,"27":0,"28":0,"29":0,"30":0,"31":0,"32":0,"33":0,"34":0,"35":0,"36":0,"37":0,"38":0,"39":0,"40":0,"41":0,"42":0,"43":0,"44":0,"45":0,"46":0,"47":0,"48":0,"49":0,"50":0},"f":{"0":0,"1":0,"2":0,"3":0,"4":0,"5":0,"6":0,"7":0},"b":{"0":[0,0],"1":[0,0],"2":[0,0],"3":[0,0],"4":[0,0],"5":[0,0],"6":[0,0]}}
,"/mnt/ssd2nd/University/ThirdYear/Semester_I/Dezvoltarea_Aplicatiilor_Web(DAW)/Laborator/flow-share/src/services/user-service.ts": {"path":"/mnt/ssd2nd/University/ThirdYear/Semester_I/Dezvoltarea_Aplicatiilor_Web(DAW)/Laborator/flow-share/src/services/user-service.ts","statementMap":{"0":{"start":{"line":1,"column":0},"end":{"line":1,"column":55}},"1":{"start":{"line":3,"column":15},"end":{"line":3,"column":33}},"2":{"start":{"line":7,"column":28},"end":{"line":13,"column":1}},"3":{"start":{"line":8,"column":17},"end":{"line":8,"column":60}},"4":{"start":{"line":9,"column":4},"end":{"line":9,"column":26}},"5":{"start":{"line":9,"column":14},"end":{"line":9,"column":26}},"6":{"start":{"line":11,"column":51},"end":{"line":11,"column":55}},"7":{"start":{"line":12,"column":4},"end":{"line":12,"column":31}},"8":{"start":{"line":7,"column":13},"end":{"line":7,"column":28}},"9":{"start":{"line":15,"column":26},"end":{"line":38,"column":1}},"10":{"start":{"line":16,"column":25},"end":{"line":16,"column":76}},"11":{"start":{"line":17,"column":4},"end":{"line":17,"column":34}},"12":{"start":{"line":17,"column":22},"end":{"line":17,"column":34}},"13":{"start":{"line":20,"column":24},"end":{"line":32,"column":6}},"14":{"start":{"line":36,"column":53},"end":{"line":36,"column":64}},"15":{"start":{"line":37,"column":4},"end":{"line":37,"column":31}},"16":{"start":{"line":15,"column":13},"end":{"line":15,"column":26}},"17":{"start":{"line":40,"column":26},"end":{"line":48,"column":1}},"18":{"start":{"line":41,"column":25},"end":{"line":41,"column":74}},"19":{"start":{"line":42,"column":4},"end":{"line":44,"column":47}},"20":{"start":{"line":44,"column":8},"end":{"line":44,"column":47}},"21":{"start":{"line":46,"column":4},"end":{"line":46,"column":52}},"22":{"start":{"line":47,"column":4},"end":{"line":47,"column":16}},"23":{"start":{"line":40,"column":13},"end":{"line":40,"column":26}}},"fnMap":{"0":{"name":"(anonymous_0)","decl":{"start":{"line":7,"column":28},"end":{"line":7,"column":33}},"loc":{"start":{"line":7,"column":75},"end":{"line":13,"column":1}}},"1":{"name":"(anonymous_1)","decl":{"start":{"line":15,"column":26},"end":{"line":15,"column":31}},"loc":{"start":{"line":15,"column":73},"end":{"line":38,"column":1}}},"2":{"name":"(anonymous_2)","decl":{"start":{"line":40,"column":26},"end":{"line":40,"column":31}},"loc":{"start":{"line":40,"column":69},"end":{"line":48,"column":1}}}},"branchMap":{"0":{"loc":{"start":{"line":9,"column":4},"end":{"line":9,"column":26}},"type":"if","locations":[{"start":{"line":9,"column":4},"end":{"line":9,"column":26}},{"start":{},"end":{}}]},"1":{"loc":{"start":{"line":17,"column":4},"end":{"line":17,"column":34}},"type":"if","locations":[{"start":{"line":17,"column":4},"end":{"line":17,"column":34}},{"start":{},"end":{}}]},"2":{"loc":{"start":{"line":42,"column":4},"end":{"line":44,"column":47}},"type":"if","locations":[{"start":{"line":42,"column":4},"end":{"line":44,"column":47}},{"start":{},"end":{}}]}},"s":{"0":0,"1":0,"2":0,"3":0,"4":0,"5":0,"6":0,"7":0,"8":0,"9":0,"10":0,"11":0,"12":0,"13":0,"14":0,"15":0,"16":0,"17":0,"18":0,"19":0,"20":0,"21":0,"22":0,"23":0},"f":{"0":0,"1":0,"2":0},"b":{"0":[0,0],"1":[0,0],"2":[0,0]}}
,"/mnt/ssd2nd/University/ThirdYear/Semester_I/Dezvoltarea_Aplicatiilor_Web(DAW)/Laborator/flow-share/src/utils/auth.ts": {"path":"/mnt/ssd2nd/University/ThirdYear/Semester_I/Dezvoltarea_Aplicatiilor_Web(DAW)/Laborator/flow-share/src/utils/auth.ts","statementMap":{"0":{"start":{"line":1,"column":0},"end":{"line":1,"column":28}},"1":{"start":{"line":2,"column":0},"end":{"line":2,"column":31}},"2":{"start":{"line":4,"column":19},"end":{"line":4,"column":59}},"3":{"start":{"line":6,"column":28},"end":{"line":8,"column":1}},"4":{"start":{"line":7,"column":4},"end":{"line":7,"column":43}},"5":{"start":{"line":6,"column":13},"end":{"line":6,"column":28}},"6":{"start":{"line":10,"column":30},"end":{"line":12,"column":1}},"7":{"start":{"line":11,"column":4},"end":{"line":11,"column":48}},"8":{"start":{"line":10,"column":13},"end":{"line":10,"column":30}},"9":{"start":{"line":14,"column":29},"end":{"line":16,"column":1}},"10":{"start":{"line":15,"column":4},"end":{"line":15,"column":65}},"11":{"start":{"line":14,"column":13},"end":{"line":14,"column":29}}},"fnMap":{"0":{"name":"(anonymous_1)","decl":{"start":{"line":6,"column":28},"end":{"line":6,"column":33}},"loc":{"start":{"line":6,"column":72},"end":{"line":8,"column":1}}},"1":{"name":"(anonymous_2)","decl":{"start":{"line":10,"column":30},"end":{"line":10,"column":35}},"loc":{"start":{"line":10,"column":89},"end":{"line":12,"column":1}}},"2":{"name":"(anonymous_3)","decl":{"start":{"line":14,"column":29},"end":{"line":14,"column":30}},"loc":{"start":{"line":14,"column":56},"end":{"line":16,"column":1}}}},"branchMap":{"0":{"loc":{"start":{"line":4,"column":19},"end":{"line":4,"column":59}},"type":"binary-expr","locations":[{"start":{"line":4,"column":19},"end":{"line":4,"column":41}},{"start":{"line":4,"column":45},"end":{"line":4,"column":59}}]}},"s":{"0":0,"1":0,"2":0,"3":0,"4":0,"5":0,"6":0,"7":0,"8":0,"9":0,"10":0,"11":0},"f":{"0":0,"1":0,"2":0},"b":{"0":[0,0]}}
}
